[    7121ms] [ERROR] Failed to fetch metrics config: TimeoutError: signal timed out @ http://localhost:8501/static/js/index.D2ZqaFuW.js:21
[    7122ms] [ERROR] Undefined metrics config - deactivating metrics tracking. @ http://localhost:8501/static/js/index.D2ZqaFuW.js:21
[   14209ms] [WARNING] WARN Infinite extent for field "year": [Infinity, -Infinity] @ http://localhost:8501/static/js/embed.Bqebd2RE.js:0
[   14209ms] [WARNING] WARN Infinite extent for field "year": [Infinity, -Infinity] @ http://localhost:8501/static/js/embed.Bqebd2RE.js:0
[   14209ms] [WARNING] WARN Infinite extent for field "year": [Infinity, -Infinity] @ http://localhost:8501/static/js/embed.Bqebd2RE.js:0
[   14210ms] [WARNING] WARN Infinite extent for field "营业收入": [Infinity, -Infinity] @ http://localhost:8501/static/js/embed.Bqebd2RE.js:0
[   14210ms] [WARNING] WARN Infinite extent for field "营业收入": [Infinity, -Infinity] @ http://localhost:8501/static/js/embed.Bqebd2RE.js:0
[   14211ms] [WARNING] WARN Infinite extent for field "营业收入": [Infinity, -Infinity] @ http://localhost:8501/static/js/embed.Bqebd2RE.js:0
[   14292ms] [WARNING] WARN Infinite extent for field "year": [Infinity, -Infinity] @ http://localhost:8501/static/js/embed.Bqebd2RE.js:0
[   14292ms] [WARNING] WARN Infinite extent for field "year": [Infinity, -Infinity] @ http://localhost:8501/static/js/embed.Bqebd2RE.js:0
[   14292ms] [WARNING] WARN Infinite extent for field "year": [Infinity, -Infinity] @ http://localhost:8501/static/js/embed.Bqebd2RE.js:0
[   14293ms] [WARNING] WARN Infinite extent for field "ROE": [Infinity, -Infinity] @ http://localhost:8501/static/js/embed.Bqebd2RE.js:0
[   14293ms] [WARNING] WARN Infinite extent for field "ROE": [Infinity, -Infinity] @ http://localhost:8501/static/js/embed.Bqebd2RE.js:0
[   14293ms] [WARNING] WARN Infinite extent for field "ROE": [Infinity, -Infinity] @ http://localhost:8501/static/js/embed.Bqebd2RE.js:0
[   14379ms] [WARNING] WARN Infinite extent for field "year": [Infinity, -Infinity] @ http://localhost:8501/static/js/embed.Bqebd2RE.js:0
[   14379ms] [WARNING] WARN Infinite extent for field "year": [Infinity, -Infinity] @ http://localhost:8501/static/js/embed.Bqebd2RE.js:0
[   14380ms] [WARNING] WARN Infinite extent for field "year": [Infinity, -Infinity] @ http://localhost:8501/static/js/embed.Bqebd2RE.js:0
[   14380ms] [WARNING] WARN Infinite extent for field "净利润": [Infinity, -Infinity] @ http://localhost:8501/static/js/embed.Bqebd2RE.js:0
[   14381ms] [WARNING] WARN Infinite extent for field "净利润": [Infinity, -Infinity] @ http://localhost:8501/static/js/embed.Bqebd2RE.js:0
[   14381ms] [WARNING] WARN Infinite extent for field "净利润": [Infinity, -Infinity] @ http://localhost:8501/static/js/embed.Bqebd2RE.js:0
[   14439ms] [WARNING] WARN Infinite extent for field "year": [Infinity, -Infinity] @ http://localhost:8501/static/js/embed.Bqebd2RE.js:0
[   14439ms] [WARNING] WARN Infinite extent for field "year": [Infinity, -Infinity] @ http://localhost:8501/static/js/embed.Bqebd2RE.js:0
[   14440ms] [WARNING] WARN Infinite extent for field "year": [Infinity, -Infinity] @ http://localhost:8501/static/js/embed.Bqebd2RE.js:0
[   14440ms] [WARNING] WARN Infinite extent for field "资产负债率": [Infinity, -Infinity] @ http://localhost:8501/static/js/embed.Bqebd2RE.js:0
[   14441ms] [WARNING] WARN Infinite extent for field "资产负债率": [Infinity, -Infinity] @ http://localhost:8501/static/js/embed.Bqebd2RE.js:0
[   14441ms] [WARNING] WARN Infinite extent for field "资产负债率": [Infinity, -Infinity] @ http://localhost:8501/static/js/embed.Bqebd2RE.js:0
[   14483ms] [WARNING] WARN Infinite extent for field "year": [Infinity, -Infinity] @ http://localhost:8501/static/js/embed.Bqebd2RE.js:0
[   14483ms] [WARNING] WARN Infinite extent for field "营业收入": [Infinity, -Infinity] @ http://localhost:8501/static/js/embed.Bqebd2RE.js:0
[   14530ms] [WARNING] WARN Infinite extent for field "year": [Infinity, -Infinity] @ http://localhost:8501/static/js/embed.Bqebd2RE.js:0
[   14530ms] [WARNING] WARN Infinite extent for field "ROE": [Infinity, -Infinity] @ http://localhost:8501/static/js/embed.Bqebd2RE.js:0
[   14547ms] [WARNING] WARN Infinite extent for field "year": [Infinity, -Infinity] @ http://localhost:8501/static/js/embed.Bqebd2RE.js:0
[   14548ms] [WARNING] WARN Infinite extent for field "净利润": [Infinity, -Infinity] @ http://localhost:8501/static/js/embed.Bqebd2RE.js:0
[   14575ms] [WARNING] WARN Infinite extent for field "year": [Infinity, -Infinity] @ http://localhost:8501/static/js/embed.Bqebd2RE.js:0
[   14575ms] [WARNING] WARN Infinite extent for field "资产负债率": [Infinity, -Infinity] @ http://localhost:8501/static/js/embed.Bqebd2RE.js:0
[   14830ms] [WARNING] WARN Infinite extent for field "year": [Infinity, -Infinity] @ http://localhost:8501/static/js/embed.Bqebd2RE.js:0
[   14830ms] [WARNING] WARN Infinite extent for field "year": [Infinity, -Infinity] @ http://localhost:8501/static/js/embed.Bqebd2RE.js:0
[   14831ms] [WARNING] WARN Infinite extent for field "year": [Infinity, -Infinity] @ http://localhost:8501/static/js/embed.Bqebd2RE.js:0
[   14831ms] [WARNING] WARN Infinite extent for field "营业收入": [Infinity, -Infinity] @ http://localhost:8501/static/js/embed.Bqebd2RE.js:0
[   14831ms] [WARNING] WARN Infinite extent for field "营业收入": [Infinity, -Infinity] @ http://localhost:8501/static/js/embed.Bqebd2RE.js:0
[   14831ms] [WARNING] WARN Infinite extent for field "营业收入": [Infinity, -Infinity] @ http://localhost:8501/static/js/embed.Bqebd2RE.js:0
[   14865ms] [WARNING] WARN Infinite extent for field "year": [Infinity, -Infinity] @ http://localhost:8501/static/js/embed.Bqebd2RE.js:0
[   14865ms] [WARNING] WARN Infinite extent for field "year": [Infinity, -Infinity] @ http://localhost:8501/static/js/embed.Bqebd2RE.js:0
[   14865ms] [WARNING] WARN Infinite extent for field "year": [Infinity, -Infinity] @ http://localhost:8501/static/js/embed.Bqebd2RE.js:0
[   14866ms] [WARNING] WARN Infinite extent for field "ROE": [Infinity, -Infinity] @ http://localhost:8501/static/js/embed.Bqebd2RE.js:0
[   14866ms] [WARNING] WARN Infinite extent for field "ROE": [Infinity, -Infinity] @ http://localhost:8501/static/js/embed.Bqebd2RE.js:0
[   14866ms] [WARNING] WARN Infinite extent for field "ROE": [Infinity, -Infinity] @ http://localhost:8501/static/js/embed.Bqebd2RE.js:0
[   14892ms] [WARNING] WARN Infinite extent for field "year": [Infinity, -Infinity] @ http://localhost:8501/static/js/embed.Bqebd2RE.js:0
[   14893ms] [WARNING] WARN Infinite extent for field "year": [Infinity, -Infinity] @ http://localhost:8501/static/js/embed.Bqebd2RE.js:0
[   14893ms] [WARNING] WARN Infinite extent for field "year": [Infinity, -Infinity] @ http://localhost:8501/static/js/embed.Bqebd2RE.js:0
[   14893ms] [WARNING] WARN Infinite extent for field "净利润": [Infinity, -Infinity] @ http://localhost:8501/static/js/embed.Bqebd2RE.js:0
[   14893ms] [WARNING] WARN Infinite extent for field "净利润": [Infinity, -Infinity] @ http://localhost:8501/static/js/embed.Bqebd2RE.js:0
[   14893ms] [WARNING] WARN Infinite extent for field "净利润": [Infinity, -Infinity] @ http://localhost:8501/static/js/embed.Bqebd2RE.js:0
[   14918ms] [WARNING] WARN Infinite extent for field "year": [Infinity, -Infinity] @ http://localhost:8501/static/js/embed.Bqebd2RE.js:0
[   14918ms] [WARNING] WARN Infinite extent for field "year": [Infinity, -Infinity] @ http://localhost:8501/static/js/embed.Bqebd2RE.js:0
[   14918ms] [WARNING] WARN Infinite extent for field "year": [Infinity, -Infinity] @ http://localhost:8501/static/js/embed.Bqebd2RE.js:0
[   14919ms] [WARNING] WARN Infinite extent for field "资产负债率": [Infinity, -Infinity] @ http://localhost:8501/static/js/embed.Bqebd2RE.js:0
[   14919ms] [WARNING] WARN Infinite extent for field "资产负债率": [Infinity, -Infinity] @ http://localhost:8501/static/js/embed.Bqebd2RE.js:0
[   14919ms] [WARNING] WARN Infinite extent for field "资产负债率": [Infinity, -Infinity] @ http://localhost:8501/static/js/embed.Bqebd2RE.js:0
[   14926ms] [WARNING] WARN Scale bindings are currently only supported for scales with unbinned, continuous domains. @ http://localhost:8501/static/js/embed.Bqebd2RE.js:0
[   14934ms] [WARNING] WARN Dropping "fit-x" because spec has discrete width. @ http://localhost:8501/static/js/embed.Bqebd2RE.js:0
[   14950ms] [WARNING] WARN Infinite extent for field "weight_start": [Infinity, -Infinity] @ http://localhost:8501/static/js/embed.Bqebd2RE.js:0
[   14950ms] [WARNING] WARN Infinite extent for field "weight_end": [Infinity, -Infinity] @ http://localhost:8501/static/js/embed.Bqebd2RE.js:0
[   14969ms] [WARNING] WARN Infinite extent for field "year": [Infinity, -Infinity] @ http://localhost:8501/static/js/embed.Bqebd2RE.js:0
[   14970ms] [WARNING] WARN Infinite extent for field "营业收入": [Infinity, -Infinity] @ http://localhost:8501/static/js/embed.Bqebd2RE.js:0
[   14986ms] [WARNING] WARN Infinite extent for field "year": [Infinity, -Infinity] @ http://localhost:8501/static/js/embed.Bqebd2RE.js:0
[   14987ms] [WARNING] WARN Infinite extent for field "ROE": [Infinity, -Infinity] @ http://localhost:8501/static/js/embed.Bqebd2RE.js:0
[   15005ms] [WARNING] WARN Infinite extent for field "year": [Infinity, -Infinity] @ http://localhost:8501/static/js/embed.Bqebd2RE.js:0
[   15006ms] [WARNING] WARN Infinite extent for field "净利润": [Infinity, -Infinity] @ http://localhost:8501/static/js/embed.Bqebd2RE.js:0
[   15021ms] [WARNING] WARN Infinite extent for field "year": [Infinity, -Infinity] @ http://localhost:8501/static/js/embed.Bqebd2RE.js:0
[   15021ms] [WARNING] WARN Infinite extent for field "资产负债率": [Infinity, -Infinity] @ http://localhost:8501/static/js/embed.Bqebd2RE.js:0
[   15296ms] [WARNING] WARN Infinite extent for field "year": [Infinity, -Infinity] @ http://localhost:8501/static/js/embed.Bqebd2RE.js:0
[   15296ms] [WARNING] WARN Infinite extent for field "year": [Infinity, -Infinity] @ http://localhost:8501/static/js/embed.Bqebd2RE.js:0
[   15296ms] [WARNING] WARN Infinite extent for field "year": [Infinity, -Infinity] @ http://localhost:8501/static/js/embed.Bqebd2RE.js:0
[   15296ms] [WARNING] WARN Infinite extent for field "营业收入": [Infinity, -Infinity] @ http://localhost:8501/static/js/embed.Bqebd2RE.js:0
[   15296ms] [WARNING] WARN Infinite extent for field "营业收入": [Infinity, -Infinity] @ http://localhost:8501/static/js/embed.Bqebd2RE.js:0
[   15296ms] [WARNING] WARN Infinite extent for field "营业收入": [Infinity, -Infinity] @ http://localhost:8501/static/js/embed.Bqebd2RE.js:0
[   15316ms] [WARNING] WARN Infinite extent for field "year": [Infinity, -Infinity] @ http://localhost:8501/static/js/embed.Bqebd2RE.js:0
[   15316ms] [WARNING] WARN Infinite extent for field "year": [Infinity, -Infinity] @ http://localhost:8501/static/js/embed.Bqebd2RE.js:0
[   15316ms] [WARNING] WARN Infinite extent for field "year": [Infinity, -Infinity] @ http://localhost:8501/static/js/embed.Bqebd2RE.js:0
[   15317ms] [WARNING] WARN Infinite extent for field "ROE": [Infinity, -Infinity] @ http://localhost:8501/static/js/embed.Bqebd2RE.js:0
[   15317ms] [WARNING] WARN Infinite extent for field "ROE": [Infinity, -Infinity] @ http://localhost:8501/static/js/embed.Bqebd2RE.js:0
[   15317ms] [WARNING] WARN Infinite extent for field "ROE": [Infinity, -Infinity] @ http://localhost:8501/static/js/embed.Bqebd2RE.js:0
[   15334ms] [WARNING] WARN Infinite extent for field "year": [Infinity, -Infinity] @ http://localhost:8501/static/js/embed.Bqebd2RE.js:0
[   15335ms] [WARNING] WARN Infinite extent for field "year": [Infinity, -Infinity] @ http://localhost:8501/static/js/embed.Bqebd2RE.js:0
[   15335ms] [WARNING] WARN Infinite extent for field "year": [Infinity, -Infinity] @ http://localhost:8501/static/js/embed.Bqebd2RE.js:0
[   15335ms] [WARNING] WARN Infinite extent for field "净利润": [Infinity, -Infinity] @ http://localhost:8501/static/js/embed.Bqebd2RE.js:0
[   15335ms] [WARNING] WARN Infinite extent for field "净利润": [Infinity, -Infinity] @ http://localhost:8501/static/js/embed.Bqebd2RE.js:0
[   15335ms] [WARNING] WARN Infinite extent for field "净利润": [Infinity, -Infinity] @ http://localhost:8501/static/js/embed.Bqebd2RE.js:0
[   15354ms] [WARNING] WARN Infinite extent for field "year": [Infinity, -Infinity] @ http://localhost:8501/static/js/embed.Bqebd2RE.js:0
[   15355ms] [WARNING] WARN Infinite extent for field "year": [Infinity, -Infinity] @ http://localhost:8501/static/js/embed.Bqebd2RE.js:0
[   15355ms] [WARNING] WARN Infinite extent for field "year": [Infinity, -Infinity] @ http://localhost:8501/static/js/embed.Bqebd2RE.js:0
[   15355ms] [WARNING] WARN Infinite extent for field "资产负债率": [Infinity, -Infinity] @ http://localhost:8501/static/js/embed.Bqebd2RE.js:0
[   15355ms] [WARNING] WARN Infinite extent for field "资产负债率": [Infinity, -Infinity] @ http://localhost:8501/static/js/embed.Bqebd2RE.js:0
[   15355ms] [WARNING] WARN Infinite extent for field "资产负债率": [Infinity, -Infinity] @ http://localhost:8501/static/js/embed.Bqebd2RE.js:0
[   15359ms] [WARNING] WARN Scale bindings are currently only supported for scales with unbinned, continuous domains. @ http://localhost:8501/static/js/embed.Bqebd2RE.js:0
[   15371ms] [WARNING] WARN Infinite extent for field "weight_start": [Infinity, -Infinity] @ http://localhost:8501/static/js/embed.Bqebd2RE.js:0
[   15371ms] [WARNING] WARN Infinite extent for field "weight_end": [Infinity, -Infinity] @ http://localhost:8501/static/js/embed.Bqebd2RE.js:0
[   15394ms] [WARNING] WARN Infinite extent for field "year": [Infinity, -Infinity] @ http://localhost:8501/static/js/embed.Bqebd2RE.js:0
[   15394ms] [WARNING] WARN Infinite extent for field "year": [Infinity, -Infinity] @ http://localhost:8501/static/js/embed.Bqebd2RE.js:0
[   15395ms] [WARNING] WARN Infinite extent for field "year": [Infinity, -Infinity] @ http://localhost:8501/static/js/embed.Bqebd2RE.js:0
[   15395ms] [WARNING] WARN Infinite extent for field "topsis_score": [Infinity, -Infinity] @ http://localhost:8501/static/js/embed.Bqebd2RE.js:0
[   15395ms] [WARNING] WARN Infinite extent for field "topsis_score": [Infinity, -Infinity] @ http://localhost:8501/static/js/embed.Bqebd2RE.js:0
[   15395ms] [WARNING] WARN Infinite extent for field "topsis_score": [Infinity, -Infinity] @ http://localhost:8501/static/js/embed.Bqebd2RE.js:0
[   15408ms] [WARNING] WARN Infinite extent for field "year": [Infinity, -Infinity] @ http://localhost:8501/static/js/embed.Bqebd2RE.js:0
[   15409ms] [WARNING] WARN Infinite extent for field "营业收入": [Infinity, -Infinity] @ http://localhost:8501/static/js/embed.Bqebd2RE.js:0
[   15420ms] [WARNING] WARN Infinite extent for field "year": [Infinity, -Infinity] @ http://localhost:8501/static/js/embed.Bqebd2RE.js:0
[   15420ms] [WARNING] WARN Infinite extent for field "ROE": [Infinity, -Infinity] @ http://localhost:8501/static/js/embed.Bqebd2RE.js:0
[   15428ms] [WARNING] WARN Infinite extent for field "year": [Infinity, -Infinity] @ http://localhost:8501/static/js/embed.Bqebd2RE.js:0
[   15429ms] [WARNING] WARN Infinite extent for field "净利润": [Infinity, -Infinity] @ http://localhost:8501/static/js/embed.Bqebd2RE.js:0
[   15444ms] [WARNING] WARN Infinite extent for field "year": [Infinity, -Infinity] @ http://localhost:8501/static/js/embed.Bqebd2RE.js:0
[   15444ms] [WARNING] WARN Infinite extent for field "资产负债率": [Infinity, -Infinity] @ http://localhost:8501/static/js/embed.Bqebd2RE.js:0
[   15457ms] [WARNING] WARN Infinite extent for field "year": [Infinity, -Infinity] @ http://localhost:8501/static/js/embed.Bqebd2RE.js:0
[   15458ms] [WARNING] WARN Infinite extent for field "topsis_score": [Infinity, -Infinity] @ http://localhost:8501/static/js/embed.Bqebd2RE.js:0
[   15578ms] [WARNING] WARN Infinite extent for field "year": [Infinity, -Infinity] @ http://localhost:8501/static/js/embed.Bqebd2RE.js:0
[   15579ms] [WARNING] WARN Infinite extent for field "year": [Infinity, -Infinity] @ http://localhost:8501/static/js/embed.Bqebd2RE.js:0
[   15579ms] [WARNING] WARN Infinite extent for field "year": [Infinity, -Infinity] @ http://localhost:8501/static/js/embed.Bqebd2RE.js:0
[   15579ms] [WARNING] WARN Infinite extent for field "topsis_score": [Infinity, -Infinity] @ http://localhost:8501/static/js/embed.Bqebd2RE.js:0
[   15579ms] [WARNING] WARN Infinite extent for field "topsis_score": [Infinity, -Infinity] @ http://localhost:8501/static/js/embed.Bqebd2RE.js:0
[   15579ms] [WARNING] WARN Infinite extent for field "topsis_score": [Infinity, -Infinity] @ http://localhost:8501/static/js/embed.Bqebd2RE.js:0
[   15584ms] [WARNING] WARN Infinite extent for field "year": [Infinity, -Infinity] @ http://localhost:8501/static/js/embed.Bqebd2RE.js:0
[   15585ms] [WARNING] WARN Infinite extent for field "topsis_score": [Infinity, -Infinity] @ http://localhost:8501/static/js/embed.Bqebd2RE.js:0
[   15643ms] [WARNING] WARN Infinite extent for field "year": [Infinity, -Infinity] @ http://localhost:8501/static/js/embed.Bqebd2RE.js:0
[   15643ms] [WARNING] WARN Infinite extent for field "year": [Infinity, -Infinity] @ http://localhost:8501/static/js/embed.Bqebd2RE.js:0
[   15643ms] [WARNING] WARN Infinite extent for field "year": [Infinity, -Infinity] @ http://localhost:8501/static/js/embed.Bqebd2RE.js:0
[   15643ms] [WARNING] WARN Infinite extent for field "topsis_score": [Infinity, -Infinity] @ http://localhost:8501/static/js/embed.Bqebd2RE.js:0
[   15643ms] [WARNING] WARN Infinite extent for field "topsis_score": [Infinity, -Infinity] @ http://localhost:8501/static/js/embed.Bqebd2RE.js:0
[   15643ms] [WARNING] WARN Infinite extent for field "topsis_score": [Infinity, -Infinity] @ http://localhost:8501/static/js/embed.Bqebd2RE.js:0
[   15650ms] [WARNING] WARN Infinite extent for field "year": [Infinity, -Infinity] @ http://localhost:8501/static/js/embed.Bqebd2RE.js:0
[   15651ms] [WARNING] WARN Infinite extent for field "topsis_score": [Infinity, -Infinity] @ http://localhost:8501/static/js/embed.Bqebd2RE.js:0
[   18158ms] [WARNING] WARN Scale bindings are currently only supported for scales with unbinned, continuous domains. @ http://localhost:8501/static/js/embed.Bqebd2RE.js:0
[   18160ms] [WARNING] WARN Dropping "fit-x" because spec has discrete width. @ http://localhost:8501/static/js/embed.Bqebd2RE.js:0
[   18172ms] [WARNING] WARN Infinite extent for field "weight_start": [Infinity, -Infinity] @ http://localhost:8501/static/js/embed.Bqebd2RE.js:0
[   18172ms] [WARNING] WARN Infinite extent for field "weight_end": [Infinity, -Infinity] @ http://localhost:8501/static/js/embed.Bqebd2RE.js:0
[   18192ms] [WARNING] WARN Infinite extent for field "year": [Infinity, -Infinity] @ http://localhost:8501/static/js/embed.Bqebd2RE.js:0
[   18192ms] [WARNING] WARN Infinite extent for field "year": [Infinity, -Infinity] @ http://localhost:8501/static/js/embed.Bqebd2RE.js:0
[   18192ms] [WARNING] WARN Infinite extent for field "year": [Infinity, -Infinity] @ http://localhost:8501/static/js/embed.Bqebd2RE.js:0
[   18192ms] [WARNING] WARN Infinite extent for field "topsis_score": [Infinity, -Infinity] @ http://localhost:8501/static/js/embed.Bqebd2RE.js:0
[   18193ms] [WARNING] WARN Infinite extent for field "topsis_score": [Infinity, -Infinity] @ http://localhost:8501/static/js/embed.Bqebd2RE.js:0
[   18193ms] [WARNING] WARN Infinite extent for field "topsis_score": [Infinity, -Infinity] @ http://localhost:8501/static/js/embed.Bqebd2RE.js:0
[   18203ms] [WARNING] WARN Infinite extent for field "year": [Infinity, -Infinity] @ http://localhost:8501/static/js/embed.Bqebd2RE.js:0
[   18204ms] [WARNING] WARN Infinite extent for field "topsis_score": [Infinity, -Infinity] @ http://localhost:8501/static/js/embed.Bqebd2RE.js:0
[   20653ms] [WARNING] WARN Infinite extent for field "year": [Infinity, -Infinity] @ http://localhost:8501/static/js/embed.Bqebd2RE.js:0
[   20653ms] [WARNING] WARN Infinite extent for field "year": [Infinity, -Infinity] @ http://localhost:8501/static/js/embed.Bqebd2RE.js:0
[   20653ms] [WARNING] WARN Infinite extent for field "year": [Infinity, -Infinity] @ http://localhost:8501/static/js/embed.Bqebd2RE.js:0
[   20653ms] [WARNING] WARN Infinite extent for field "营业收入": [Infinity, -Infinity] @ http://localhost:8501/static/js/embed.Bqebd2RE.js:0
[   20654ms] [WARNING] WARN Infinite extent for field "营业收入": [Infinity, -Infinity] @ http://localhost:8501/static/js/embed.Bqebd2RE.js:0
[   20654ms] [WARNING] WARN Infinite extent for field "营业收入": [Infinity, -Infinity] @ http://localhost:8501/static/js/embed.Bqebd2RE.js:0
[   20681ms] [WARNING] WARN Infinite extent for field "year": [Infinity, -Infinity] @ http://localhost:8501/static/js/embed.Bqebd2RE.js:0
[   20681ms] [WARNING] WARN Infinite extent for field "year": [Infinity, -Infinity] @ http://localhost:8501/static/js/embed.Bqebd2RE.js:0
[   20681ms] [WARNING] WARN Infinite extent for field "year": [Infinity, -Infinity] @ http://localhost:8501/static/js/embed.Bqebd2RE.js:0
[   20681ms] [WARNING] WARN Infinite extent for field "ROE": [Infinity, -Infinity] @ http://localhost:8501/static/js/embed.Bqebd2RE.js:0
[   20681ms] [WARNING] WARN Infinite extent for field "ROE": [Infinity, -Infinity] @ http://localhost:8501/static/js/embed.Bqebd2RE.js:0
[   20682ms] [WARNING] WARN Infinite extent for field "ROE": [Infinity, -Infinity] @ http://localhost:8501/static/js/embed.Bqebd2RE.js:0
[   20707ms] [WARNING] WARN Infinite extent for field "year": [Infinity, -Infinity] @ http://localhost:8501/static/js/embed.Bqebd2RE.js:0
[   20707ms] [WARNING] WARN Infinite extent for field "year": [Infinity, -Infinity] @ http://localhost:8501/static/js/embed.Bqebd2RE.js:0
[   20708ms] [WARNING] WARN Infinite extent for field "year": [Infinity, -Infinity] @ http://localhost:8501/static/js/embed.Bqebd2RE.js:0
[   20708ms] [WARNING] WARN Infinite extent for field "净利润": [Infinity, -Infinity] @ http://localhost:8501/static/js/embed.Bqebd2RE.js:0
[   20708ms] [WARNING] WARN Infinite extent for field "净利润": [Infinity, -Infinity] @ http://localhost:8501/static/js/embed.Bqebd2RE.js:0
[   20709ms] [WARNING] WARN Infinite extent for field "净利润": [Infinity, -Infinity] @ http://localhost:8501/static/js/embed.Bqebd2RE.js:0
[   20734ms] [WARNING] WARN Infinite extent for field "year": [Infinity, -Infinity] @ http://localhost:8501/static/js/embed.Bqebd2RE.js:0
[   20734ms] [WARNING] WARN Infinite extent for field "year": [Infinity, -Infinity] @ http://localhost:8501/static/js/embed.Bqebd2RE.js:0
[   20734ms] [WARNING] WARN Infinite extent for field "year": [Infinity, -Infinity] @ http://localhost:8501/static/js/embed.Bqebd2RE.js:0
[   20735ms] [WARNING] WARN Infinite extent for field "资产负债率": [Infinity, -Infinity] @ http://localhost:8501/static/js/embed.Bqebd2RE.js:0
[   20735ms] [WARNING] WARN Infinite extent for field "资产负债率": [Infinity, -Infinity] @ http://localhost:8501/static/js/embed.Bqebd2RE.js:0
[   20735ms] [WARNING] WARN Infinite extent for field "资产负债率": [Infinity, -Infinity] @ http://localhost:8501/static/js/embed.Bqebd2RE.js:0
[   20745ms] [WARNING] WARN Infinite extent for field "year": [Infinity, -Infinity] @ http://localhost:8501/static/js/embed.Bqebd2RE.js:0
[   20745ms] [WARNING] WARN Infinite extent for field "营业收入": [Infinity, -Infinity] @ http://localhost:8501/static/js/embed.Bqebd2RE.js:0
[   20756ms] [WARNING] WARN Infinite extent for field "year": [Infinity, -Infinity] @ http://localhost:8501/static/js/embed.Bqebd2RE.js:0
[   20756ms] [WARNING] WARN Infinite extent for field "ROE": [Infinity, -Infinity] @ http://localhost:8501/static/js/embed.Bqebd2RE.js:0
[   20764ms] [WARNING] WARN Infinite extent for field "year": [Infinity, -Infinity] @ http://localhost:8501/static/js/embed.Bqebd2RE.js:0
[   20764ms] [WARNING] WARN Infinite extent for field "净利润": [Infinity, -Infinity] @ http://localhost:8501/static/js/embed.Bqebd2RE.js:0
[   20774ms] [WARNING] WARN Infinite extent for field "year": [Infinity, -Infinity] @ http://localhost:8501/static/js/embed.Bqebd2RE.js:0
[   20774ms] [WARNING] WARN Infinite extent for field "资产负债率": [Infinity, -Infinity] @ http://localhost:8501/static/js/embed.Bqebd2RE.js:0
[   21008ms] [WARNING] WARN Infinite extent for field "year": [Infinity, -Infinity] @ http://localhost:8501/static/js/embed.Bqebd2RE.js:0
[   21009ms] [WARNING] WARN Infinite extent for field "营业收入": [Infinity, -Infinity] @ http://localhost:8501/static/js/embed.Bqebd2RE.js:0
[   21838ms] [WARNING] WARN Infinite extent for field "year": [Infinity, -Infinity] @ http://localhost:8501/static/js/embed.Bqebd2RE.js:0
[   21839ms] [WARNING] WARN Infinite extent for field "营业收入": [Infinity, -Infinity] @ http://localhost:8501/static/js/embed.Bqebd2RE.js:0
[   23514ms] [WARNING] WARN Infinite extent for field "year": [Infinity, -Infinity] @ http://localhost:8501/static/js/embed.Bqebd2RE.js:0
[   23515ms] [WARNING] WARN Infinite extent for field "营业收入": [Infinity, -Infinity] @ http://localhost:8501/static/js/embed.Bqebd2RE.js:0
[   23553ms] [WARNING] WARN Infinite extent for field "year": [Infinity, -Infinity] @ http://localhost:8501/static/js/embed.Bqebd2RE.js:0
[   23553ms] [WARNING] WARN Infinite extent for field "营业收入": [Infinity, -Infinity] @ http://localhost:8501/static/js/embed.Bqebd2RE.js:0
[   25545ms] [WARNING] WARN Infinite extent for field "year": [Infinity, -Infinity] @ http://localhost:8501/static/js/embed.Bqebd2RE.js:0
[   25546ms] [WARNING] WARN Infinite extent for field "营业收入": [Infinity, -Infinity] @ http://localhost:8501/static/js/embed.Bqebd2RE.js:0
[   26771ms] [WARNING] WARN Infinite extent for field "year": [Infinity, -Infinity] @ http://localhost:8501/static/js/embed.Bqebd2RE.js:0
[   26772ms] [WARNING] WARN Infinite extent for field "营业收入": [Infinity, -Infinity] @ http://localhost:8501/static/js/embed.Bqebd2RE.js:0
[   33780ms] [WARNING] WARN Infinite extent for field "year": [Infinity, -Infinity] @ http://localhost:8501/static/js/embed.Bqebd2RE.js:0
[   33780ms] [WARNING] WARN Infinite extent for field "营业收入": [Infinity, -Infinity] @ http://localhost:8501/static/js/embed.Bqebd2RE.js:0
[   33970ms] [WARNING] WARN Infinite extent for field "year": [Infinity, -Infinity] @ http://localhost:8501/static/js/embed.Bqebd2RE.js:0
[   33970ms] [WARNING] WARN Infinite extent for field "净利润": [Infinity, -Infinity] @ http://localhost:8501/static/js/embed.Bqebd2RE.js:0
[   34004ms] [WARNING] WARN Infinite extent for field "year": [Infinity, -Infinity] @ http://localhost:8501/static/js/embed.Bqebd2RE.js:0
[   34004ms] [WARNING] WARN Infinite extent for field "净利润": [Infinity, -Infinity] @ http://localhost:8501/static/js/embed.Bqebd2RE.js:0
[   34950ms] [WARNING] WARN Infinite extent for field "year": [Infinity, -Infinity] @ http://localhost:8501/static/js/embed.Bqebd2RE.js:0
[   34950ms] [WARNING] WARN Infinite extent for field "净利润": [Infinity, -Infinity] @ http://localhost:8501/static/js/embed.Bqebd2RE.js:0
[   36234ms] [WARNING] WARN Infinite extent for field "year": [Infinity, -Infinity] @ http://localhost:8501/static/js/embed.Bqebd2RE.js:0
[   36234ms] [WARNING] WARN Infinite extent for field "资产负债率": [Infinity, -Infinity] @ http://localhost:8501/static/js/embed.Bqebd2RE.js:0
[   36381ms] [WARNING] WARN Infinite extent for field "year": [Infinity, -Infinity] @ http://localhost:8501/static/js/embed.Bqebd2RE.js:0
[   36381ms] [WARNING] WARN Infinite extent for field "营业收入": [Infinity, -Infinity] @ http://localhost:8501/static/js/embed.Bqebd2RE.js:0
[   36939ms] [WARNING] WARN Infinite extent for field "year": [Infinity, -Infinity] @ http://localhost:8501/static/js/embed.Bqebd2RE.js:0
[   36940ms] [WARNING] WARN Infinite extent for field "year": [Infinity, -Infinity] @ http://localhost:8501/static/js/embed.Bqebd2RE.js:0
[   36940ms] [WARNING] WARN Infinite extent for field "year": [Infinity, -Infinity] @ http://localhost:8501/static/js/embed.Bqebd2RE.js:0
[   36940ms] [WARNING] WARN Infinite extent for field "营业收入": [Infinity, -Infinity] @ http://localhost:8501/static/js/embed.Bqebd2RE.js:0
[   36940ms] [WARNING] WARN Infinite extent for field "营业收入": [Infinity, -Infinity] @ http://localhost:8501/static/js/embed.Bqebd2RE.js:0
[   36940ms] [WARNING] WARN Infinite extent for field "营业收入": [Infinity, -Infinity] @ http://localhost:8501/static/js/embed.Bqebd2RE.js:0
[   36963ms] [WARNING] WARN Infinite extent for field "year": [Infinity, -Infinity] @ http://localhost:8501/static/js/embed.Bqebd2RE.js:0
[   36963ms] [WARNING] WARN Infinite extent for field "year": [Infinity, -Infinity] @ http://localhost:8501/static/js/embed.Bqebd2RE.js:0
[   36963ms] [WARNING] WARN Infinite extent for field "year": [Infinity, -Infinity] @ http://localhost:8501/static/js/embed.Bqebd2RE.js:0
[   36964ms] [WARNING] WARN Infinite extent for field "ROE": [Infinity, -Infinity] @ http://localhost:8501/static/js/embed.Bqebd2RE.js:0
[   36964ms] [WARNING] WARN Infinite extent for field "ROE": [Infinity, -Infinity] @ http://localhost:8501/static/js/embed.Bqebd2RE.js:0
[   36964ms] [WARNING] WARN Infinite extent for field "ROE": [Infinity, -Infinity] @ http://localhost:8501/static/js/embed.Bqebd2RE.js:0
[   36989ms] [WARNING] WARN Infinite extent for field "year": [Infinity, -Infinity] @ http://localhost:8501/static/js/embed.Bqebd2RE.js:0
[   36989ms] [WARNING] WARN Infinite extent for field "year": [Infinity, -Infinity] @ http://localhost:8501/static/js/embed.Bqebd2RE.js:0
[   36990ms] [WARNING] WARN Infinite extent for field "year": [Infinity, -Infinity] @ http://localhost:8501/static/js/embed.Bqebd2RE.js:0
[   36990ms] [WARNING] WARN Infinite extent for field "净利润": [Infinity, -Infinity] @ http://localhost:8501/static/js/embed.Bqebd2RE.js:0
[   36990ms] [WARNING] WARN Infinite extent for field "净利润": [Infinity, -Infinity] @ http://localhost:8501/static/js/embed.Bqebd2RE.js:0
[   36991ms] [WARNING] WARN Infinite extent for field "净利润": [Infinity, -Infinity] @ http://localhost:8501/static/js/embed.Bqebd2RE.js:0
[   37036ms] [WARNING] WARN Infinite extent for field "year": [Infinity, -Infinity] @ http://localhost:8501/static/js/embed.Bqebd2RE.js:0
[   37037ms] [WARNING] WARN Infinite extent for field "year": [Infinity, -Infinity] @ http://localhost:8501/static/js/embed.Bqebd2RE.js:0
[   37038ms] [WARNING] WARN Infinite extent for field "year": [Infinity, -Infinity] @ http://localhost:8501/static/js/embed.Bqebd2RE.js:0
[   37039ms] [WARNING] WARN Infinite extent for field "资产负债率": [Infinity, -Infinity] @ http://localhost:8501/static/js/embed.Bqebd2RE.js:0
[   37039ms] [WARNING] WARN Infinite extent for field "资产负债率": [Infinity, -Infinity] @ http://localhost:8501/static/js/embed.Bqebd2RE.js:0
[   37039ms] [WARNING] WARN Infinite extent for field "资产负债率": [Infinity, -Infinity] @ http://localhost:8501/static/js/embed.Bqebd2RE.js:0
[   37047ms] [WARNING] WARN Scale bindings are currently only supported for scales with unbinned, continuous domains. @ http://localhost:8501/static/js/embed.Bqebd2RE.js:0
[   37067ms] [WARNING] WARN Infinite extent for field "weight_start": [Infinity, -Infinity] @ http://localhost:8501/static/js/embed.Bqebd2RE.js:0
[   37067ms] [WARNING] WARN Infinite extent for field "weight_end": [Infinity, -Infinity] @ http://localhost:8501/static/js/embed.Bqebd2RE.js:0
[   37092ms] [WARNING] WARN Infinite extent for field "year": [Infinity, -Infinity] @ http://localhost:8501/static/js/embed.Bqebd2RE.js:0
[   37092ms] [WARNING] WARN Infinite extent for field "year": [Infinity, -Infinity] @ http://localhost:8501/static/js/embed.Bqebd2RE.js:0
[   37093ms] [WARNING] WARN Infinite extent for field "year": [Infinity, -Infinity] @ http://localhost:8501/static/js/embed.Bqebd2RE.js:0
[   37093ms] [WARNING] WARN Infinite extent for field "topsis_score": [Infinity, -Infinity] @ http://localhost:8501/static/js/embed.Bqebd2RE.js:0
[   37093ms] [WARNING] WARN Infinite extent for field "topsis_score": [Infinity, -Infinity] @ http://localhost:8501/static/js/embed.Bqebd2RE.js:0
[   37093ms] [WARNING] WARN Infinite extent for field "topsis_score": [Infinity, -Infinity] @ http://localhost:8501/static/js/embed.Bqebd2RE.js:0
[   37111ms] [WARNING] WARN Infinite extent for field "year": [Infinity, -Infinity] @ http://localhost:8501/static/js/embed.Bqebd2RE.js:0
[   37111ms] [WARNING] WARN Infinite extent for field "营业收入": [Infinity, -Infinity] @ http://localhost:8501/static/js/embed.Bqebd2RE.js:0
[   37126ms] [WARNING] WARN Infinite extent for field "year": [Infinity, -Infinity] @ http://localhost:8501/static/js/embed.Bqebd2RE.js:0
[   37126ms] [WARNING] WARN Infinite extent for field "ROE": [Infinity, -Infinity] @ http://localhost:8501/static/js/embed.Bqebd2RE.js:0
[   37142ms] [WARNING] WARN Infinite extent for field "year": [Infinity, -Infinity] @ http://localhost:8501/static/js/embed.Bqebd2RE.js:0
[   37143ms] [WARNING] WARN Infinite extent for field "净利润": [Infinity, -Infinity] @ http://localhost:8501/static/js/embed.Bqebd2RE.js:0
[   37159ms] [WARNING] WARN Infinite extent for field "year": [Infinity, -Infinity] @ http://localhost:8501/static/js/embed.Bqebd2RE.js:0
[   37160ms] [WARNING] WARN Infinite extent for field "资产负债率": [Infinity, -Infinity] @ http://localhost:8501/static/js/embed.Bqebd2RE.js:0
[   37182ms] [WARNING] WARN Infinite extent for field "year": [Infinity, -Infinity] @ http://localhost:8501/static/js/embed.Bqebd2RE.js:0
[   37183ms] [WARNING] WARN Infinite extent for field "topsis_score": [Infinity, -Infinity] @ http://localhost:8501/static/js/embed.Bqebd2RE.js:0
[   38911ms] [WARNING] WARN Infinite extent for field "year": [Infinity, -Infinity] @ http://localhost:8501/static/js/embed.Bqebd2RE.js:0
[   38911ms] [WARNING] WARN Infinite extent for field "topsis_score": [Infinity, -Infinity] @ http://localhost:8501/static/js/embed.Bqebd2RE.js:0
[   94520ms] [WARNING] WARN Infinite extent for field "year": [Infinity, -Infinity] @ http://localhost:8501/static/js/embed.Bqebd2RE.js:0
[   94521ms] [WARNING] WARN Infinite extent for field "year": [Infinity, -Infinity] @ http://localhost:8501/static/js/embed.Bqebd2RE.js:0
[   94521ms] [WARNING] WARN Infinite extent for field "year": [Infinity, -Infinity] @ http://localhost:8501/static/js/embed.Bqebd2RE.js:0
[   94522ms] [WARNING] WARN Infinite extent for field "营业收入": [Infinity, -Infinity] @ http://localhost:8501/static/js/embed.Bqebd2RE.js:0
[   94523ms] [WARNING] WARN Infinite extent for field "营业收入": [Infinity, -Infinity] @ http://localhost:8501/static/js/embed.Bqebd2RE.js:0
[   94523ms] [WARNING] WARN Infinite extent for field "营业收入": [Infinity, -Infinity] @ http://localhost:8501/static/js/embed.Bqebd2RE.js:0
[   94604ms] [WARNING] WARN Infinite extent for field "year": [Infinity, -Infinity] @ http://localhost:8501/static/js/embed.Bqebd2RE.js:0
[   94604ms] [WARNING] WARN Infinite extent for field "year": [Infinity, -Infinity] @ http://localhost:8501/static/js/embed.Bqebd2RE.js:0
[   94604ms] [WARNING] WARN Infinite extent for field "year": [Infinity, -Infinity] @ http://localhost:8501/static/js/embed.Bqebd2RE.js:0
[   94605ms] [WARNING] WARN Infinite extent for field "ROE": [Infinity, -Infinity] @ http://localhost:8501/static/js/embed.Bqebd2RE.js:0
[   94605ms] [WARNING] WARN Infinite extent for field "ROE": [Infinity, -Infinity] @ http://localhost:8501/static/js/embed.Bqebd2RE.js:0
[   94605ms] [WARNING] WARN Infinite extent for field "ROE": [Infinity, -Infinity] @ http://localhost:8501/static/js/embed.Bqebd2RE.js:0
[   94652ms] [WARNING] WARN Infinite extent for field "year": [Infinity, -Infinity] @ http://localhost:8501/static/js/embed.Bqebd2RE.js:0
[   94653ms] [WARNING] WARN Infinite extent for field "year": [Infinity, -Infinity] @ http://localhost:8501/static/js/embed.Bqebd2RE.js:0
[   94653ms] [WARNING] WARN Infinite extent for field "year": [Infinity, -Infinity] @ http://localhost:8501/static/js/embed.Bqebd2RE.js:0
[   94654ms] [WARNING] WARN Infinite extent for field "净利润": [Infinity, -Infinity] @ http://localhost:8501/static/js/embed.Bqebd2RE.js:0
[   94654ms] [WARNING] WARN Infinite extent for field "净利润": [Infinity, -Infinity] @ http://localhost:8501/static/js/embed.Bqebd2RE.js:0
[   94655ms] [WARNING] WARN Infinite extent for field "净利润": [Infinity, -Infinity] @ http://localhost:8501/static/js/embed.Bqebd2RE.js:0
[   94713ms] [WARNING] WARN Infinite extent for field "year": [Infinity, -Infinity] @ http://localhost:8501/static/js/embed.Bqebd2RE.js:0
[   94713ms] [WARNING] WARN Infinite extent for field "year": [Infinity, -Infinity] @ http://localhost:8501/static/js/embed.Bqebd2RE.js:0
[   94714ms] [WARNING] WARN Infinite extent for field "year": [Infinity, -Infinity] @ http://localhost:8501/static/js/embed.Bqebd2RE.js:0
[   94714ms] [WARNING] WARN Infinite extent for field "资产负债率": [Infinity, -Infinity] @ http://localhost:8501/static/js/embed.Bqebd2RE.js:0
[   94714ms] [WARNING] WARN Infinite extent for field "资产负债率": [Infinity, -Infinity] @ http://localhost:8501/static/js/embed.Bqebd2RE.js:0
[   94715ms] [WARNING] WARN Infinite extent for field "资产负债率": [Infinity, -Infinity] @ http://localhost:8501/static/js/embed.Bqebd2RE.js:0
[   94727ms] [WARNING] WARN Scale bindings are currently only supported for scales with unbinned, continuous domains. @ http://localhost:8501/static/js/embed.Bqebd2RE.js:0
[   94734ms] [WARNING] WARN Dropping "fit-x" because spec has discrete width. @ http://localhost:8501/static/js/embed.Bqebd2RE.js:0
[   94764ms] [WARNING] WARN Infinite extent for field "weight_start": [Infinity, -Infinity] @ http://localhost:8501/static/js/embed.Bqebd2RE.js:0
[   94764ms] [WARNING] WARN Infinite extent for field "weight_end": [Infinity, -Infinity] @ http://localhost:8501/static/js/embed.Bqebd2RE.js:0
[   94827ms] [WARNING] WARN Infinite extent for field "year": [Infinity, -Infinity] @ http://localhost:8501/static/js/embed.Bqebd2RE.js:0
[   94828ms] [WARNING] WARN Infinite extent for field "year": [Infinity, -Infinity] @ http://localhost:8501/static/js/embed.Bqebd2RE.js:0
[   94828ms] [WARNING] WARN Infinite extent for field "year": [Infinity, -Infinity] @ http://localhost:8501/static/js/embed.Bqebd2RE.js:0
[   94829ms] [WARNING] WARN Infinite extent for field "topsis_score": [Infinity, -Infinity] @ http://localhost:8501/static/js/embed.Bqebd2RE.js:0
[   94829ms] [WARNING] WARN Infinite extent for field "topsis_score": [Infinity, -Infinity] @ http://localhost:8501/static/js/embed.Bqebd2RE.js:0
[   94830ms] [WARNING] WARN Infinite extent for field "topsis_score": [Infinity, -Infinity] @ http://localhost:8501/static/js/embed.Bqebd2RE.js:0
[   94871ms] [WARNING] WARN Infinite extent for field "year": [Infinity, -Infinity] @ http://localhost:8501/static/js/embed.Bqebd2RE.js:0
[   94872ms] [WARNING] WARN Infinite extent for field "营业收入": [Infinity, -Infinity] @ http://localhost:8501/static/js/embed.Bqebd2RE.js:0
[   94918ms] [WARNING] WARN Infinite extent for field "year": [Infinity, -Infinity] @ http://localhost:8501/static/js/embed.Bqebd2RE.js:0
[   94919ms] [WARNING] WARN Infinite extent for field "ROE": [Infinity, -Infinity] @ http://localhost:8501/static/js/embed.Bqebd2RE.js:0
[   94949ms] [WARNING] WARN Infinite extent for field "year": [Infinity, -Infinity] @ http://localhost:8501/static/js/embed.Bqebd2RE.js:0
[   94949ms] [WARNING] WARN Infinite extent for field "净利润": [Infinity, -Infinity] @ http://localhost:8501/static/js/embed.Bqebd2RE.js:0
[   94982ms] [WARNING] WARN Infinite extent for field "year": [Infinity, -Infinity] @ http://localhost:8501/static/js/embed.Bqebd2RE.js:0
[   94983ms] [WARNING] WARN Infinite extent for field "资产负债率": [Infinity, -Infinity] @ http://localhost:8501/static/js/embed.Bqebd2RE.js:0
[   95036ms] [WARNING] WARN Infinite extent for field "year": [Infinity, -Infinity] @ http://localhost:8501/static/js/embed.Bqebd2RE.js:0
[   95037ms] [WARNING] WARN Infinite extent for field "topsis_score": [Infinity, -Infinity] @ http://localhost:8501/static/js/embed.Bqebd2RE.js:0
[   96431ms] [WARNING] WARN Infinite extent for field "year": [Infinity, -Infinity] @ http://localhost:8501/static/js/embed.Bqebd2RE.js:0
[   96432ms] [WARNING] WARN Infinite extent for field "营业收入": [Infinity, -Infinity] @ http://localhost:8501/static/js/embed.Bqebd2RE.js:0
