[   12847ms] [WARNING] WARN Infinite extent for field "year": [Infinity, -Infinity] @ http://localhost:8501/static/js/embed.Bqebd2RE.js:0
[   12847ms] [WARNING] WARN Infinite extent for field "year": [Infinity, -Infinity] @ http://localhost:8501/static/js/embed.Bqebd2RE.js:0
[   12848ms] [WARNING] WARN Infinite extent for field "year": [Infinity, -Infinity] @ http://localhost:8501/static/js/embed.Bqebd2RE.js:0
[   12848ms] [WARNING] WARN Infinite extent for field "营业收入": [Infinity, -Infinity] @ http://localhost:8501/static/js/embed.Bqebd2RE.js:0
[   12848ms] [WARNING] WARN Infinite extent for field "营业收入": [Infinity, -Infinity] @ http://localhost:8501/static/js/embed.Bqebd2RE.js:0
[   12848ms] [WARNING] WARN Infinite extent for field "营业收入": [Infinity, -Infinity] @ http://localhost:8501/static/js/embed.Bqebd2RE.js:0
[   12890ms] [WARNING] WARN Infinite extent for field "year": [Infinity, -Infinity] @ http://localhost:8501/static/js/embed.Bqebd2RE.js:0
[   12890ms] [WARNING] WARN Infinite extent for field "year": [Infinity, -Infinity] @ http://localhost:8501/static/js/embed.Bqebd2RE.js:0
[   12891ms] [WARNING] WARN Infinite extent for field "year": [Infinity, -Infinity] @ http://localhost:8501/static/js/embed.Bqebd2RE.js:0
[   12891ms] [WARNING] WARN Infinite extent for field "ROE": [Infinity, -Infinity] @ http://localhost:8501/static/js/embed.Bqebd2RE.js:0
[   12891ms] [WARNING] WARN Infinite extent for field "ROE": [Infinity, -Infinity] @ http://localhost:8501/static/js/embed.Bqebd2RE.js:0
[   12891ms] [WARNING] WARN Infinite extent for field "ROE": [Infinity, -Infinity] @ http://localhost:8501/static/js/embed.Bqebd2RE.js:0
[   12919ms] [WARNING] WARN Infinite extent for field "year": [Infinity, -Infinity] @ http://localhost:8501/static/js/embed.Bqebd2RE.js:0
[   12919ms] [WARNING] WARN Infinite extent for field "year": [Infinity, -Infinity] @ http://localhost:8501/static/js/embed.Bqebd2RE.js:0
[   12919ms] [WARNING] WARN Infinite extent for field "year": [Infinity, -Infinity] @ http://localhost:8501/static/js/embed.Bqebd2RE.js:0
[   12919ms] [WARNING] WARN Infinite extent for field "净利润": [Infinity, -Infinity] @ http://localhost:8501/static/js/embed.Bqebd2RE.js:0
[   12919ms] [WARNING] WARN Infinite extent for field "净利润": [Infinity, -Infinity] @ http://localhost:8501/static/js/embed.Bqebd2RE.js:0
[   12920ms] [WARNING] WARN Infinite extent for field "净利润": [Infinity, -Infinity] @ http://localhost:8501/static/js/embed.Bqebd2RE.js:0
[   12943ms] [WARNING] WARN Infinite extent for field "year": [Infinity, -Infinity] @ http://localhost:8501/static/js/embed.Bqebd2RE.js:0
[   12943ms] [WARNING] WARN Infinite extent for field "year": [Infinity, -Infinity] @ http://localhost:8501/static/js/embed.Bqebd2RE.js:0
[   12943ms] [WARNING] WARN Infinite extent for field "year": [Infinity, -Infinity] @ http://localhost:8501/static/js/embed.Bqebd2RE.js:0
[   12943ms] [WARNING] WARN Infinite extent for field "资产负债率": [Infinity, -Infinity] @ http://localhost:8501/static/js/embed.Bqebd2RE.js:0
[   12943ms] [WARNING] WARN Infinite extent for field "资产负债率": [Infinity, -Infinity] @ http://localhost:8501/static/js/embed.Bqebd2RE.js:0
[   12943ms] [WARNING] WARN Infinite extent for field "资产负债率": [Infinity, -Infinity] @ http://localhost:8501/static/js/embed.Bqebd2RE.js:0
[   12950ms] [WARNING] WARN Scale bindings are currently only supported for scales with unbinned, continuous domains. @ http://localhost:8501/static/js/embed.Bqebd2RE.js:0
[   12955ms] [WARNING] WARN Dropping "fit-x" because spec has discrete width. @ http://localhost:8501/static/js/embed.Bqebd2RE.js:0
[   12967ms] [WARNING] WARN Infinite extent for field "weight_start": [Infinity, -Infinity] @ http://localhost:8501/static/js/embed.Bqebd2RE.js:0
[   12968ms] [WARNING] WARN Infinite extent for field "weight_end": [Infinity, -Infinity] @ http://localhost:8501/static/js/embed.Bqebd2RE.js:0
[   12985ms] [WARNING] WARN Infinite extent for field "year": [Infinity, -Infinity] @ http://localhost:8501/static/js/embed.Bqebd2RE.js:0
[   12985ms] [WARNING] WARN Infinite extent for field "营业收入": [Infinity, -Infinity] @ http://localhost:8501/static/js/embed.Bqebd2RE.js:0
[   13007ms] [WARNING] WARN Infinite extent for field "year": [Infinity, -Infinity] @ http://localhost:8501/static/js/embed.Bqebd2RE.js:0
[   13007ms] [WARNING] WARN Infinite extent for field "ROE": [Infinity, -Infinity] @ http://localhost:8501/static/js/embed.Bqebd2RE.js:0
[   13020ms] [WARNING] WARN Infinite extent for field "year": [Infinity, -Infinity] @ http://localhost:8501/static/js/embed.Bqebd2RE.js:0
[   13020ms] [WARNING] WARN Infinite extent for field "净利润": [Infinity, -Infinity] @ http://localhost:8501/static/js/embed.Bqebd2RE.js:0
[   13031ms] [WARNING] WARN Infinite extent for field "year": [Infinity, -Infinity] @ http://localhost:8501/static/js/embed.Bqebd2RE.js:0
[   13031ms] [WARNING] WARN Infinite extent for field "资产负债率": [Infinity, -Infinity] @ http://localhost:8501/static/js/embed.Bqebd2RE.js:0
[   13210ms] [WARNING] WARN Infinite extent for field "year": [Infinity, -Infinity] @ http://localhost:8501/static/js/embed.Bqebd2RE.js:0
[   13210ms] [WARNING] WARN Infinite extent for field "year": [Infinity, -Infinity] @ http://localhost:8501/static/js/embed.Bqebd2RE.js:0
[   13210ms] [WARNING] WARN Infinite extent for field "year": [Infinity, -Infinity] @ http://localhost:8501/static/js/embed.Bqebd2RE.js:0
[   13210ms] [WARNING] WARN Infinite extent for field "营业收入": [Infinity, -Infinity] @ http://localhost:8501/static/js/embed.Bqebd2RE.js:0
[   13210ms] [WARNING] WARN Infinite extent for field "营业收入": [Infinity, -Infinity] @ http://localhost:8501/static/js/embed.Bqebd2RE.js:0
[   13210ms] [WARNING] WARN Infinite extent for field "营业收入": [Infinity, -Infinity] @ http://localhost:8501/static/js/embed.Bqebd2RE.js:0
[   13231ms] [WARNING] WARN Infinite extent for field "year": [Infinity, -Infinity] @ http://localhost:8501/static/js/embed.Bqebd2RE.js:0
[   13231ms] [WARNING] WARN Infinite extent for field "year": [Infinity, -Infinity] @ http://localhost:8501/static/js/embed.Bqebd2RE.js:0
[   13231ms] [WARNING] WARN Infinite extent for field "year": [Infinity, -Infinity] @ http://localhost:8501/static/js/embed.Bqebd2RE.js:0
[   13231ms] [WARNING] WARN Infinite extent for field "ROE": [Infinity, -Infinity] @ http://localhost:8501/static/js/embed.Bqebd2RE.js:0
[   13231ms] [WARNING] WARN Infinite extent for field "ROE": [Infinity, -Infinity] @ http://localhost:8501/static/js/embed.Bqebd2RE.js:0
[   13231ms] [WARNING] WARN Infinite extent for field "ROE": [Infinity, -Infinity] @ http://localhost:8501/static/js/embed.Bqebd2RE.js:0
[   13250ms] [WARNING] WARN Infinite extent for field "year": [Infinity, -Infinity] @ http://localhost:8501/static/js/embed.Bqebd2RE.js:0
[   13251ms] [WARNING] WARN Infinite extent for field "year": [Infinity, -Infinity] @ http://localhost:8501/static/js/embed.Bqebd2RE.js:0
[   13251ms] [WARNING] WARN Infinite extent for field "year": [Infinity, -Infinity] @ http://localhost:8501/static/js/embed.Bqebd2RE.js:0
[   13251ms] [WARNING] WARN Infinite extent for field "净利润": [Infinity, -Infinity] @ http://localhost:8501/static/js/embed.Bqebd2RE.js:0
[   13251ms] [WARNING] WARN Infinite extent for field "净利润": [Infinity, -Infinity] @ http://localhost:8501/static/js/embed.Bqebd2RE.js:0
[   13251ms] [WARNING] WARN Infinite extent for field "净利润": [Infinity, -Infinity] @ http://localhost:8501/static/js/embed.Bqebd2RE.js:0
[   13270ms] [WARNING] WARN Infinite extent for field "year": [Infinity, -Infinity] @ http://localhost:8501/static/js/embed.Bqebd2RE.js:0
[   13271ms] [WARNING] WARN Infinite extent for field "year": [Infinity, -Infinity] @ http://localhost:8501/static/js/embed.Bqebd2RE.js:0
[   13271ms] [WARNING] WARN Infinite extent for field "year": [Infinity, -Infinity] @ http://localhost:8501/static/js/embed.Bqebd2RE.js:0
[   13271ms] [WARNING] WARN Infinite extent for field "资产负债率": [Infinity, -Infinity] @ http://localhost:8501/static/js/embed.Bqebd2RE.js:0
[   13271ms] [WARNING] WARN Infinite extent for field "资产负债率": [Infinity, -Infinity] @ http://localhost:8501/static/js/embed.Bqebd2RE.js:0
[   13271ms] [WARNING] WARN Infinite extent for field "资产负债率": [Infinity, -Infinity] @ http://localhost:8501/static/js/embed.Bqebd2RE.js:0
[   13279ms] [WARNING] WARN Infinite extent for field "year": [Infinity, -Infinity] @ http://localhost:8501/static/js/embed.Bqebd2RE.js:0
[   13280ms] [WARNING] WARN Infinite extent for field "营业收入": [Infinity, -Infinity] @ http://localhost:8501/static/js/embed.Bqebd2RE.js:0
[   13291ms] [WARNING] WARN Infinite extent for field "year": [Infinity, -Infinity] @ http://localhost:8501/static/js/embed.Bqebd2RE.js:0
[   13293ms] [WARNING] WARN Infinite extent for field "ROE": [Infinity, -Infinity] @ http://localhost:8501/static/js/embed.Bqebd2RE.js:0
[   13309ms] [WARNING] WARN Infinite extent for field "year": [Infinity, -Infinity] @ http://localhost:8501/static/js/embed.Bqebd2RE.js:0
[   13310ms] [WARNING] WARN Infinite extent for field "净利润": [Infinity, -Infinity] @ http://localhost:8501/static/js/embed.Bqebd2RE.js:0
[   13325ms] [WARNING] WARN Infinite extent for field "year": [Infinity, -Infinity] @ http://localhost:8501/static/js/embed.Bqebd2RE.js:0
[   13325ms] [WARNING] WARN Infinite extent for field "资产负债率": [Infinity, -Infinity] @ http://localhost:8501/static/js/embed.Bqebd2RE.js:0
[   13540ms] [WARNING] WARN Infinite extent for field "year": [Infinity, -Infinity] @ http://localhost:8501/static/js/embed.Bqebd2RE.js:0
[   13540ms] [WARNING] WARN Infinite extent for field "year": [Infinity, -Infinity] @ http://localhost:8501/static/js/embed.Bqebd2RE.js:0
[   13540ms] [WARNING] WARN Infinite extent for field "year": [Infinity, -Infinity] @ http://localhost:8501/static/js/embed.Bqebd2RE.js:0
[   13540ms] [WARNING] WARN Infinite extent for field "营业收入": [Infinity, -Infinity] @ http://localhost:8501/static/js/embed.Bqebd2RE.js:0
[   13541ms] [WARNING] WARN Infinite extent for field "营业收入": [Infinity, -Infinity] @ http://localhost:8501/static/js/embed.Bqebd2RE.js:0
[   13541ms] [WARNING] WARN Infinite extent for field "营业收入": [Infinity, -Infinity] @ http://localhost:8501/static/js/embed.Bqebd2RE.js:0
[   13563ms] [WARNING] WARN Infinite extent for field "year": [Infinity, -Infinity] @ http://localhost:8501/static/js/embed.Bqebd2RE.js:0
[   13564ms] [WARNING] WARN Infinite extent for field "year": [Infinity, -Infinity] @ http://localhost:8501/static/js/embed.Bqebd2RE.js:0
[   13564ms] [WARNING] WARN Infinite extent for field "year": [Infinity, -Infinity] @ http://localhost:8501/static/js/embed.Bqebd2RE.js:0
[   13564ms] [WARNING] WARN Infinite extent for field "ROE": [Infinity, -Infinity] @ http://localhost:8501/static/js/embed.Bqebd2RE.js:0
[   13564ms] [WARNING] WARN Infinite extent for field "ROE": [Infinity, -Infinity] @ http://localhost:8501/static/js/embed.Bqebd2RE.js:0
[   13564ms] [WARNING] WARN Infinite extent for field "ROE": [Infinity, -Infinity] @ http://localhost:8501/static/js/embed.Bqebd2RE.js:0
[   13594ms] [WARNING] WARN Infinite extent for field "year": [Infinity, -Infinity] @ http://localhost:8501/static/js/embed.Bqebd2RE.js:0
[   13594ms] [WARNING] WARN Infinite extent for field "year": [Infinity, -Infinity] @ http://localhost:8501/static/js/embed.Bqebd2RE.js:0
[   13594ms] [WARNING] WARN Infinite extent for field "year": [Infinity, -Infinity] @ http://localhost:8501/static/js/embed.Bqebd2RE.js:0
[   13594ms] [WARNING] WARN Infinite extent for field "净利润": [Infinity, -Infinity] @ http://localhost:8501/static/js/embed.Bqebd2RE.js:0
[   13595ms] [WARNING] WARN Infinite extent for field "净利润": [Infinity, -Infinity] @ http://localhost:8501/static/js/embed.Bqebd2RE.js:0
[   13595ms] [WARNING] WARN Infinite extent for field "净利润": [Infinity, -Infinity] @ http://localhost:8501/static/js/embed.Bqebd2RE.js:0
[   13618ms] [WARNING] WARN Infinite extent for field "year": [Infinity, -Infinity] @ http://localhost:8501/static/js/embed.Bqebd2RE.js:0
[   13618ms] [WARNING] WARN Infinite extent for field "year": [Infinity, -Infinity] @ http://localhost:8501/static/js/embed.Bqebd2RE.js:0
[   13619ms] [WARNING] WARN Infinite extent for field "year": [Infinity, -Infinity] @ http://localhost:8501/static/js/embed.Bqebd2RE.js:0
[   13619ms] [WARNING] WARN Infinite extent for field "资产负债率": [Infinity, -Infinity] @ http://localhost:8501/static/js/embed.Bqebd2RE.js:0
[   13620ms] [WARNING] WARN Infinite extent for field "资产负债率": [Infinity, -Infinity] @ http://localhost:8501/static/js/embed.Bqebd2RE.js:0
[   13620ms] [WARNING] WARN Infinite extent for field "资产负债率": [Infinity, -Infinity] @ http://localhost:8501/static/js/embed.Bqebd2RE.js:0
[   13647ms] [WARNING] WARN Infinite extent for field "year": [Infinity, -Infinity] @ http://localhost:8501/static/js/embed.Bqebd2RE.js:0
[   13648ms] [WARNING] WARN Infinite extent for field "year": [Infinity, -Infinity] @ http://localhost:8501/static/js/embed.Bqebd2RE.js:0
[   13648ms] [WARNING] WARN Infinite extent for field "year": [Infinity, -Infinity] @ http://localhost:8501/static/js/embed.Bqebd2RE.js:0
[   13648ms] [WARNING] WARN Infinite extent for field "topsis_score": [Infinity, -Infinity] @ http://localhost:8501/static/js/embed.Bqebd2RE.js:0
[   13649ms] [WARNING] WARN Infinite extent for field "topsis_score": [Infinity, -Infinity] @ http://localhost:8501/static/js/embed.Bqebd2RE.js:0
[   13649ms] [WARNING] WARN Infinite extent for field "topsis_score": [Infinity, -Infinity] @ http://localhost:8501/static/js/embed.Bqebd2RE.js:0
[   13655ms] [WARNING] WARN Scale bindings are currently only supported for scales with unbinned, continuous domains. @ http://localhost:8501/static/js/embed.Bqebd2RE.js:0
[   13661ms] [WARNING] WARN Dropping "fit-x" because spec has discrete width. @ http://localhost:8501/static/js/embed.Bqebd2RE.js:0
[   13677ms] [WARNING] WARN Infinite extent for field "value -- streamlit-generated_start": [Infinity, -Infinity] @ http://localhost:8501/static/js/embed.Bqebd2RE.js:0
[   13677ms] [WARNING] WARN Infinite extent for field "value -- streamlit-generated_end": [Infinity, -Infinity] @ http://localhost:8501/static/js/embed.Bqebd2RE.js:0
[   13706ms] [WARNING] WARN Infinite extent for field "year": [Infinity, -Infinity] @ http://localhost:8501/static/js/embed.Bqebd2RE.js:0
[   13706ms] [WARNING] WARN Infinite extent for field "营业收入": [Infinity, -Infinity] @ http://localhost:8501/static/js/embed.Bqebd2RE.js:0
[   13714ms] [WARNING] WARN Infinite extent for field "year": [Infinity, -Infinity] @ http://localhost:8501/static/js/embed.Bqebd2RE.js:0
[   13715ms] [WARNING] WARN Infinite extent for field "ROE": [Infinity, -Infinity] @ http://localhost:8501/static/js/embed.Bqebd2RE.js:0
[   13722ms] [WARNING] WARN Infinite extent for field "year": [Infinity, -Infinity] @ http://localhost:8501/static/js/embed.Bqebd2RE.js:0
[   13722ms] [WARNING] WARN Infinite extent for field "净利润": [Infinity, -Infinity] @ http://localhost:8501/static/js/embed.Bqebd2RE.js:0
[   13729ms] [WARNING] WARN Infinite extent for field "year": [Infinity, -Infinity] @ http://localhost:8501/static/js/embed.Bqebd2RE.js:0
[   13730ms] [WARNING] WARN Infinite extent for field "资产负债率": [Infinity, -Infinity] @ http://localhost:8501/static/js/embed.Bqebd2RE.js:0
[   13736ms] [WARNING] WARN Infinite extent for field "year": [Infinity, -Infinity] @ http://localhost:8501/static/js/embed.Bqebd2RE.js:0
[   13736ms] [WARNING] WARN Infinite extent for field "topsis_score": [Infinity, -Infinity] @ http://localhost:8501/static/js/embed.Bqebd2RE.js:0
[   70736ms] [WARNING] WARN Infinite extent for field "year": [Infinity, -Infinity] @ http://localhost:8501/static/js/embed.Bqebd2RE.js:0
[   70736ms] [WARNING] WARN Infinite extent for field "year": [Infinity, -Infinity] @ http://localhost:8501/static/js/embed.Bqebd2RE.js:0
[   70736ms] [WARNING] WARN Infinite extent for field "year": [Infinity, -Infinity] @ http://localhost:8501/static/js/embed.Bqebd2RE.js:0
[   70737ms] [WARNING] WARN Infinite extent for field "营业收入": [Infinity, -Infinity] @ http://localhost:8501/static/js/embed.Bqebd2RE.js:0
[   70737ms] [WARNING] WARN Infinite extent for field "营业收入": [Infinity, -Infinity] @ http://localhost:8501/static/js/embed.Bqebd2RE.js:0
[   70737ms] [WARNING] WARN Infinite extent for field "营业收入": [Infinity, -Infinity] @ http://localhost:8501/static/js/embed.Bqebd2RE.js:0
[   70759ms] [WARNING] WARN Infinite extent for field "year": [Infinity, -Infinity] @ http://localhost:8501/static/js/embed.Bqebd2RE.js:0
[   70760ms] [WARNING] WARN Infinite extent for field "year": [Infinity, -Infinity] @ http://localhost:8501/static/js/embed.Bqebd2RE.js:0
[   70760ms] [WARNING] WARN Infinite extent for field "year": [Infinity, -Infinity] @ http://localhost:8501/static/js/embed.Bqebd2RE.js:0
[   70760ms] [WARNING] WARN Infinite extent for field "ROE": [Infinity, -Infinity] @ http://localhost:8501/static/js/embed.Bqebd2RE.js:0
[   70760ms] [WARNING] WARN Infinite extent for field "ROE": [Infinity, -Infinity] @ http://localhost:8501/static/js/embed.Bqebd2RE.js:0
[   70760ms] [WARNING] WARN Infinite extent for field "ROE": [Infinity, -Infinity] @ http://localhost:8501/static/js/embed.Bqebd2RE.js:0
[   70784ms] [WARNING] WARN Infinite extent for field "year": [Infinity, -Infinity] @ http://localhost:8501/static/js/embed.Bqebd2RE.js:0
[   70784ms] [WARNING] WARN Infinite extent for field "year": [Infinity, -Infinity] @ http://localhost:8501/static/js/embed.Bqebd2RE.js:0
[   70784ms] [WARNING] WARN Infinite extent for field "year": [Infinity, -Infinity] @ http://localhost:8501/static/js/embed.Bqebd2RE.js:0
[   70784ms] [WARNING] WARN Infinite extent for field "净利润": [Infinity, -Infinity] @ http://localhost:8501/static/js/embed.Bqebd2RE.js:0
[   70784ms] [WARNING] WARN Infinite extent for field "净利润": [Infinity, -Infinity] @ http://localhost:8501/static/js/embed.Bqebd2RE.js:0
[   70784ms] [WARNING] WARN Infinite extent for field "净利润": [Infinity, -Infinity] @ http://localhost:8501/static/js/embed.Bqebd2RE.js:0
[   70810ms] [WARNING] WARN Infinite extent for field "year": [Infinity, -Infinity] @ http://localhost:8501/static/js/embed.Bqebd2RE.js:0
[   70811ms] [WARNING] WARN Infinite extent for field "year": [Infinity, -Infinity] @ http://localhost:8501/static/js/embed.Bqebd2RE.js:0
[   70811ms] [WARNING] WARN Infinite extent for field "year": [Infinity, -Infinity] @ http://localhost:8501/static/js/embed.Bqebd2RE.js:0
[   70811ms] [WARNING] WARN Infinite extent for field "资产负债率": [Infinity, -Infinity] @ http://localhost:8501/static/js/embed.Bqebd2RE.js:0
[   70811ms] [WARNING] WARN Infinite extent for field "资产负债率": [Infinity, -Infinity] @ http://localhost:8501/static/js/embed.Bqebd2RE.js:0
[   70811ms] [WARNING] WARN Infinite extent for field "资产负债率": [Infinity, -Infinity] @ http://localhost:8501/static/js/embed.Bqebd2RE.js:0
[   70815ms] [WARNING] WARN Scale bindings are currently only supported for scales with unbinned, continuous domains. @ http://localhost:8501/static/js/embed.Bqebd2RE.js:0
[   70832ms] [WARNING] WARN Infinite extent for field "value -- streamlit-generated_start": [Infinity, -Infinity] @ http://localhost:8501/static/js/embed.Bqebd2RE.js:0
[   70833ms] [WARNING] WARN Infinite extent for field "value -- streamlit-generated_end": [Infinity, -Infinity] @ http://localhost:8501/static/js/embed.Bqebd2RE.js:0
[   70847ms] [WARNING] WARN Infinite extent for field "year": [Infinity, -Infinity] @ http://localhost:8501/static/js/embed.Bqebd2RE.js:0
[   70847ms] [WARNING] WARN Infinite extent for field "营业收入": [Infinity, -Infinity] @ http://localhost:8501/static/js/embed.Bqebd2RE.js:0
[   70857ms] [WARNING] WARN Infinite extent for field "year": [Infinity, -Infinity] @ http://localhost:8501/static/js/embed.Bqebd2RE.js:0
[   70858ms] [WARNING] WARN Infinite extent for field "ROE": [Infinity, -Infinity] @ http://localhost:8501/static/js/embed.Bqebd2RE.js:0
[   70871ms] [WARNING] WARN Infinite extent for field "year": [Infinity, -Infinity] @ http://localhost:8501/static/js/embed.Bqebd2RE.js:0
[   70871ms] [WARNING] WARN Infinite extent for field "净利润": [Infinity, -Infinity] @ http://localhost:8501/static/js/embed.Bqebd2RE.js:0
[   70882ms] [WARNING] WARN Infinite extent for field "year": [Infinity, -Infinity] @ http://localhost:8501/static/js/embed.Bqebd2RE.js:0
[   70882ms] [WARNING] WARN Infinite extent for field "资产负债率": [Infinity, -Infinity] @ http://localhost:8501/static/js/embed.Bqebd2RE.js:0
[ 1247077ms] [WARNING] WARN Infinite extent for field "year": [Infinity, -Infinity] @ http://localhost:8501/static/js/embed.Bqebd2RE.js:0
[ 1247078ms] [WARNING] WARN Infinite extent for field "year": [Infinity, -Infinity] @ http://localhost:8501/static/js/embed.Bqebd2RE.js:0
[ 1247078ms] [WARNING] WARN Infinite extent for field "year": [Infinity, -Infinity] @ http://localhost:8501/static/js/embed.Bqebd2RE.js:0
[ 1247078ms] [WARNING] WARN Infinite extent for field "营业收入": [Infinity, -Infinity] @ http://localhost:8501/static/js/embed.Bqebd2RE.js:0
[ 1247078ms] [WARNING] WARN Infinite extent for field "营业收入": [Infinity, -Infinity] @ http://localhost:8501/static/js/embed.Bqebd2RE.js:0
[ 1247078ms] [WARNING] WARN Infinite extent for field "营业收入": [Infinity, -Infinity] @ http://localhost:8501/static/js/embed.Bqebd2RE.js:0
[ 1247084ms] [WARNING] WARN Infinite extent for field "year": [Infinity, -Infinity] @ http://localhost:8501/static/js/embed.Bqebd2RE.js:0
[ 1247084ms] [WARNING] WARN Infinite extent for field "营业收入": [Infinity, -Infinity] @ http://localhost:8501/static/js/embed.Bqebd2RE.js:0
[ 1247111ms] [WARNING] WARN Infinite extent for field "year": [Infinity, -Infinity] @ http://localhost:8501/static/js/embed.Bqebd2RE.js:0
[ 1247111ms] [WARNING] WARN Infinite extent for field "year": [Infinity, -Infinity] @ http://localhost:8501/static/js/embed.Bqebd2RE.js:0
[ 1247111ms] [WARNING] WARN Infinite extent for field "year": [Infinity, -Infinity] @ http://localhost:8501/static/js/embed.Bqebd2RE.js:0
[ 1247111ms] [WARNING] WARN Infinite extent for field "营业收入": [Infinity, -Infinity] @ http://localhost:8501/static/js/embed.Bqebd2RE.js:0
[ 1247111ms] [WARNING] WARN Infinite extent for field "营业收入": [Infinity, -Infinity] @ http://localhost:8501/static/js/embed.Bqebd2RE.js:0
[ 1247111ms] [WARNING] WARN Infinite extent for field "营业收入": [Infinity, -Infinity] @ http://localhost:8501/static/js/embed.Bqebd2RE.js:0
[ 1247114ms] [WARNING] WARN Infinite extent for field "year": [Infinity, -Infinity] @ http://localhost:8501/static/js/embed.Bqebd2RE.js:0
[ 1247114ms] [WARNING] WARN Infinite extent for field "营业收入": [Infinity, -Infinity] @ http://localhost:8501/static/js/embed.Bqebd2RE.js:0
[ 1247152ms] [WARNING] WARN Infinite extent for field "year": [Infinity, -Infinity] @ http://localhost:8501/static/js/embed.Bqebd2RE.js:0
[ 1247153ms] [WARNING] WARN Infinite extent for field "year": [Infinity, -Infinity] @ http://localhost:8501/static/js/embed.Bqebd2RE.js:0
[ 1247153ms] [WARNING] WARN Infinite extent for field "year": [Infinity, -Infinity] @ http://localhost:8501/static/js/embed.Bqebd2RE.js:0
[ 1247153ms] [WARNING] WARN Infinite extent for field "营业收入": [Infinity, -Infinity] @ http://localhost:8501/static/js/embed.Bqebd2RE.js:0
[ 1247153ms] [WARNING] WARN Infinite extent for field "营业收入": [Infinity, -Infinity] @ http://localhost:8501/static/js/embed.Bqebd2RE.js:0
[ 1247153ms] [WARNING] WARN Infinite extent for field "营业收入": [Infinity, -Infinity] @ http://localhost:8501/static/js/embed.Bqebd2RE.js:0
[ 1247159ms] [WARNING] WARN Infinite extent for field "year": [Infinity, -Infinity] @ http://localhost:8501/static/js/embed.Bqebd2RE.js:0
[ 1247159ms] [WARNING] WARN Infinite extent for field "year": [Infinity, -Infinity] @ http://localhost:8501/static/js/embed.Bqebd2RE.js:0
[ 1247159ms] [WARNING] WARN Infinite extent for field "year": [Infinity, -Infinity] @ http://localhost:8501/static/js/embed.Bqebd2RE.js:0
[ 1247159ms] [WARNING] WARN Infinite extent for field "净利润": [Infinity, -Infinity] @ http://localhost:8501/static/js/embed.Bqebd2RE.js:0
[ 1247159ms] [WARNING] WARN Infinite extent for field "净利润": [Infinity, -Infinity] @ http://localhost:8501/static/js/embed.Bqebd2RE.js:0
[ 1247159ms] [WARNING] WARN Infinite extent for field "净利润": [Infinity, -Infinity] @ http://localhost:8501/static/js/embed.Bqebd2RE.js:0
[ 1247161ms] [WARNING] WARN Infinite extent for field "year": [Infinity, -Infinity] @ http://localhost:8501/static/js/embed.Bqebd2RE.js:0
[ 1247161ms] [WARNING] WARN Infinite extent for field "营业收入": [Infinity, -Infinity] @ http://localhost:8501/static/js/embed.Bqebd2RE.js:0
[ 1247164ms] [WARNING] WARN Infinite extent for field "year": [Infinity, -Infinity] @ http://localhost:8501/static/js/embed.Bqebd2RE.js:0
[ 1247164ms] [WARNING] WARN Infinite extent for field "净利润": [Infinity, -Infinity] @ http://localhost:8501/static/js/embed.Bqebd2RE.js:0
[ 1247189ms] [WARNING] WARN Infinite extent for field "year": [Infinity, -Infinity] @ http://localhost:8501/static/js/embed.Bqebd2RE.js:0
[ 1247189ms] [WARNING] WARN Infinite extent for field "year": [Infinity, -Infinity] @ http://localhost:8501/static/js/embed.Bqebd2RE.js:0
[ 1247189ms] [WARNING] WARN Infinite extent for field "year": [Infinity, -Infinity] @ http://localhost:8501/static/js/embed.Bqebd2RE.js:0
[ 1247189ms] [WARNING] WARN Infinite extent for field "净利润": [Infinity, -Infinity] @ http://localhost:8501/static/js/embed.Bqebd2RE.js:0
[ 1247189ms] [WARNING] WARN Infinite extent for field "净利润": [Infinity, -Infinity] @ http://localhost:8501/static/js/embed.Bqebd2RE.js:0
[ 1247189ms] [WARNING] WARN Infinite extent for field "净利润": [Infinity, -Infinity] @ http://localhost:8501/static/js/embed.Bqebd2RE.js:0
[ 1247191ms] [WARNING] WARN Infinite extent for field "year": [Infinity, -Infinity] @ http://localhost:8501/static/js/embed.Bqebd2RE.js:0
[ 1247191ms] [WARNING] WARN Infinite extent for field "净利润": [Infinity, -Infinity] @ http://localhost:8501/static/js/embed.Bqebd2RE.js:0
[ 1247220ms] [WARNING] WARN Infinite extent for field "year": [Infinity, -Infinity] @ http://localhost:8501/static/js/embed.Bqebd2RE.js:0
[ 1247220ms] [WARNING] WARN Infinite extent for field "year": [Infinity, -Infinity] @ http://localhost:8501/static/js/embed.Bqebd2RE.js:0
[ 1247220ms] [WARNING] WARN Infinite extent for field "year": [Infinity, -Infinity] @ http://localhost:8501/static/js/embed.Bqebd2RE.js:0
[ 1247220ms] [WARNING] WARN Infinite extent for field "ROE": [Infinity, -Infinity] @ http://localhost:8501/static/js/embed.Bqebd2RE.js:0
[ 1247220ms] [WARNING] WARN Infinite extent for field "ROE": [Infinity, -Infinity] @ http://localhost:8501/static/js/embed.Bqebd2RE.js:0
[ 1247220ms] [WARNING] WARN Infinite extent for field "ROE": [Infinity, -Infinity] @ http://localhost:8501/static/js/embed.Bqebd2RE.js:0
[ 1247226ms] [WARNING] WARN Infinite extent for field "year": [Infinity, -Infinity] @ http://localhost:8501/static/js/embed.Bqebd2RE.js:0
[ 1247226ms] [WARNING] WARN Infinite extent for field "year": [Infinity, -Infinity] @ http://localhost:8501/static/js/embed.Bqebd2RE.js:0
[ 1247226ms] [WARNING] WARN Infinite extent for field "year": [Infinity, -Infinity] @ http://localhost:8501/static/js/embed.Bqebd2RE.js:0
[ 1247226ms] [WARNING] WARN Infinite extent for field "净利润": [Infinity, -Infinity] @ http://localhost:8501/static/js/embed.Bqebd2RE.js:0
[ 1247226ms] [WARNING] WARN Infinite extent for field "净利润": [Infinity, -Infinity] @ http://localhost:8501/static/js/embed.Bqebd2RE.js:0
[ 1247226ms] [WARNING] WARN Infinite extent for field "净利润": [Infinity, -Infinity] @ http://localhost:8501/static/js/embed.Bqebd2RE.js:0
[ 1247228ms] [WARNING] WARN Infinite extent for field "year": [Infinity, -Infinity] @ http://localhost:8501/static/js/embed.Bqebd2RE.js:0
[ 1247228ms] [WARNING] WARN Infinite extent for field "ROE": [Infinity, -Infinity] @ http://localhost:8501/static/js/embed.Bqebd2RE.js:0
[ 1247231ms] [WARNING] WARN Infinite extent for field "year": [Infinity, -Infinity] @ http://localhost:8501/static/js/embed.Bqebd2RE.js:0
[ 1247231ms] [WARNING] WARN Infinite extent for field "净利润": [Infinity, -Infinity] @ http://localhost:8501/static/js/embed.Bqebd2RE.js:0
[ 1247253ms] [WARNING] WARN Infinite extent for field "year": [Infinity, -Infinity] @ http://localhost:8501/static/js/embed.Bqebd2RE.js:0
[ 1247253ms] [WARNING] WARN Infinite extent for field "year": [Infinity, -Infinity] @ http://localhost:8501/static/js/embed.Bqebd2RE.js:0
[ 1247253ms] [WARNING] WARN Infinite extent for field "year": [Infinity, -Infinity] @ http://localhost:8501/static/js/embed.Bqebd2RE.js:0
[ 1247253ms] [WARNING] WARN Infinite extent for field "营业收入": [Infinity, -Infinity] @ http://localhost:8501/static/js/embed.Bqebd2RE.js:0
[ 1247253ms] [WARNING] WARN Infinite extent for field "营业收入": [Infinity, -Infinity] @ http://localhost:8501/static/js/embed.Bqebd2RE.js:0
[ 1247253ms] [WARNING] WARN Infinite extent for field "营业收入": [Infinity, -Infinity] @ http://localhost:8501/static/js/embed.Bqebd2RE.js:0
[ 1247258ms] [WARNING] WARN Infinite extent for field "year": [Infinity, -Infinity] @ http://localhost:8501/static/js/embed.Bqebd2RE.js:0
[ 1247258ms] [WARNING] WARN Infinite extent for field "year": [Infinity, -Infinity] @ http://localhost:8501/static/js/embed.Bqebd2RE.js:0
[ 1247258ms] [WARNING] WARN Infinite extent for field "year": [Infinity, -Infinity] @ http://localhost:8501/static/js/embed.Bqebd2RE.js:0
[ 1247258ms] [WARNING] WARN Infinite extent for field "ROE": [Infinity, -Infinity] @ http://localhost:8501/static/js/embed.Bqebd2RE.js:0
[ 1247258ms] [WARNING] WARN Infinite extent for field "ROE": [Infinity, -Infinity] @ http://localhost:8501/static/js/embed.Bqebd2RE.js:0
[ 1247258ms] [WARNING] WARN Infinite extent for field "ROE": [Infinity, -Infinity] @ http://localhost:8501/static/js/embed.Bqebd2RE.js:0
[ 1247263ms] [WARNING] WARN Infinite extent for field "year": [Infinity, -Infinity] @ http://localhost:8501/static/js/embed.Bqebd2RE.js:0
[ 1247263ms] [WARNING] WARN Infinite extent for field "year": [Infinity, -Infinity] @ http://localhost:8501/static/js/embed.Bqebd2RE.js:0
[ 1247263ms] [WARNING] WARN Infinite extent for field "year": [Infinity, -Infinity] @ http://localhost:8501/static/js/embed.Bqebd2RE.js:0
[ 1247263ms] [WARNING] WARN Infinite extent for field "净利润": [Infinity, -Infinity] @ http://localhost:8501/static/js/embed.Bqebd2RE.js:0
[ 1247263ms] [WARNING] WARN Infinite extent for field "净利润": [Infinity, -Infinity] @ http://localhost:8501/static/js/embed.Bqebd2RE.js:0
[ 1247263ms] [WARNING] WARN Infinite extent for field "净利润": [Infinity, -Infinity] @ http://localhost:8501/static/js/embed.Bqebd2RE.js:0
[ 1247265ms] [WARNING] WARN Infinite extent for field "year": [Infinity, -Infinity] @ http://localhost:8501/static/js/embed.Bqebd2RE.js:0
[ 1247266ms] [WARNING] WARN Infinite extent for field "营业收入": [Infinity, -Infinity] @ http://localhost:8501/static/js/embed.Bqebd2RE.js:0
[ 1247270ms] [WARNING] WARN Infinite extent for field "year": [Infinity, -Infinity] @ http://localhost:8501/static/js/embed.Bqebd2RE.js:0
[ 1247270ms] [WARNING] WARN Infinite extent for field "ROE": [Infinity, -Infinity] @ http://localhost:8501/static/js/embed.Bqebd2RE.js:0
[ 1247272ms] [WARNING] WARN Infinite extent for field "year": [Infinity, -Infinity] @ http://localhost:8501/static/js/embed.Bqebd2RE.js:0
[ 1247272ms] [WARNING] WARN Infinite extent for field "净利润": [Infinity, -Infinity] @ http://localhost:8501/static/js/embed.Bqebd2RE.js:0
[ 1247298ms] [WARNING] WARN Infinite extent for field "year": [Infinity, -Infinity] @ http://localhost:8501/static/js/embed.Bqebd2RE.js:0
[ 1247298ms] [WARNING] WARN Infinite extent for field "year": [Infinity, -Infinity] @ http://localhost:8501/static/js/embed.Bqebd2RE.js:0
[ 1247298ms] [WARNING] WARN Infinite extent for field "year": [Infinity, -Infinity] @ http://localhost:8501/static/js/embed.Bqebd2RE.js:0
[ 1247298ms] [WARNING] WARN Infinite extent for field "ROE": [Infinity, -Infinity] @ http://localhost:8501/static/js/embed.Bqebd2RE.js:0
[ 1247298ms] [WARNING] WARN Infinite extent for field "ROE": [Infinity, -Infinity] @ http://localhost:8501/static/js/embed.Bqebd2RE.js:0
[ 1247298ms] [WARNING] WARN Infinite extent for field "ROE": [Infinity, -Infinity] @ http://localhost:8501/static/js/embed.Bqebd2RE.js:0
[ 1247300ms] [WARNING] WARN Infinite extent for field "year": [Infinity, -Infinity] @ http://localhost:8501/static/js/embed.Bqebd2RE.js:0
[ 1247300ms] [WARNING] WARN Infinite extent for field "ROE": [Infinity, -Infinity] @ http://localhost:8501/static/js/embed.Bqebd2RE.js:0
[ 1247327ms] [WARNING] WARN Infinite extent for field "year": [Infinity, -Infinity] @ http://localhost:8501/static/js/embed.Bqebd2RE.js:0
[ 1247327ms] [WARNING] WARN Infinite extent for field "year": [Infinity, -Infinity] @ http://localhost:8501/static/js/embed.Bqebd2RE.js:0
[ 1247327ms] [WARNING] WARN Infinite extent for field "year": [Infinity, -Infinity] @ http://localhost:8501/static/js/embed.Bqebd2RE.js:0
[ 1247327ms] [WARNING] WARN Infinite extent for field "资产负债率": [Infinity, -Infinity] @ http://localhost:8501/static/js/embed.Bqebd2RE.js:0
[ 1247327ms] [WARNING] WARN Infinite extent for field "资产负债率": [Infinity, -Infinity] @ http://localhost:8501/static/js/embed.Bqebd2RE.js:0
[ 1247327ms] [WARNING] WARN Infinite extent for field "资产负债率": [Infinity, -Infinity] @ http://localhost:8501/static/js/embed.Bqebd2RE.js:0
[ 1247329ms] [WARNING] WARN Scale bindings are currently only supported for scales with unbinned, continuous domains. @ http://localhost:8501/static/js/embed.Bqebd2RE.js:0
[ 1247330ms] [WARNING] WARN Dropping "fit-x" because spec has discrete width. @ http://localhost:8501/static/js/embed.Bqebd2RE.js:0
[ 1247333ms] [WARNING] WARN Infinite extent for field "weight_start": [Infinity, -Infinity] @ http://localhost:8501/static/js/embed.Bqebd2RE.js:0
[ 1247333ms] [WARNING] WARN Infinite extent for field "weight_end": [Infinity, -Infinity] @ http://localhost:8501/static/js/embed.Bqebd2RE.js:0
[ 1247335ms] [WARNING] WARN Infinite extent for field "year": [Infinity, -Infinity] @ http://localhost:8501/static/js/embed.Bqebd2RE.js:0
[ 1247335ms] [WARNING] WARN Infinite extent for field "资产负债率": [Infinity, -Infinity] @ http://localhost:8501/static/js/embed.Bqebd2RE.js:0
[ 1247357ms] [WARNING] WARN Infinite extent for field "year": [Infinity, -Infinity] @ http://localhost:8501/static/js/embed.Bqebd2RE.js:0
[ 1247357ms] [WARNING] WARN Infinite extent for field "year": [Infinity, -Infinity] @ http://localhost:8501/static/js/embed.Bqebd2RE.js:0
[ 1247357ms] [WARNING] WARN Infinite extent for field "year": [Infinity, -Infinity] @ http://localhost:8501/static/js/embed.Bqebd2RE.js:0
[ 1247357ms] [WARNING] WARN Infinite extent for field "资产负债率": [Infinity, -Infinity] @ http://localhost:8501/static/js/embed.Bqebd2RE.js:0
[ 1247357ms] [WARNING] WARN Infinite extent for field "资产负债率": [Infinity, -Infinity] @ http://localhost:8501/static/js/embed.Bqebd2RE.js:0
[ 1247357ms] [WARNING] WARN Infinite extent for field "资产负债率": [Infinity, -Infinity] @ http://localhost:8501/static/js/embed.Bqebd2RE.js:0
[ 1247359ms] [WARNING] WARN Infinite extent for field "year": [Infinity, -Infinity] @ http://localhost:8501/static/js/embed.Bqebd2RE.js:0
[ 1247359ms] [WARNING] WARN Infinite extent for field "资产负债率": [Infinity, -Infinity] @ http://localhost:8501/static/js/embed.Bqebd2RE.js:0
[ 1247387ms] [WARNING] WARN Infinite extent for field "year": [Infinity, -Infinity] @ http://localhost:8501/static/js/embed.Bqebd2RE.js:0
[ 1247387ms] [WARNING] WARN Infinite extent for field "year": [Infinity, -Infinity] @ http://localhost:8501/static/js/embed.Bqebd2RE.js:0
[ 1247387ms] [WARNING] WARN Infinite extent for field "year": [Infinity, -Infinity] @ http://localhost:8501/static/js/embed.Bqebd2RE.js:0
[ 1247387ms] [WARNING] WARN Infinite extent for field "资产负债率": [Infinity, -Infinity] @ http://localhost:8501/static/js/embed.Bqebd2RE.js:0
[ 1247387ms] [WARNING] WARN Infinite extent for field "资产负债率": [Infinity, -Infinity] @ http://localhost:8501/static/js/embed.Bqebd2RE.js:0
[ 1247387ms] [WARNING] WARN Infinite extent for field "资产负债率": [Infinity, -Infinity] @ http://localhost:8501/static/js/embed.Bqebd2RE.js:0
[ 1247394ms] [WARNING] WARN Infinite extent for field "year": [Infinity, -Infinity] @ http://localhost:8501/static/js/embed.Bqebd2RE.js:0
[ 1247395ms] [WARNING] WARN Infinite extent for field "year": [Infinity, -Infinity] @ http://localhost:8501/static/js/embed.Bqebd2RE.js:0
[ 1247395ms] [WARNING] WARN Infinite extent for field "year": [Infinity, -Infinity] @ http://localhost:8501/static/js/embed.Bqebd2RE.js:0
[ 1247395ms] [WARNING] WARN Infinite extent for field "topsis_score": [Infinity, -Infinity] @ http://localhost:8501/static/js/embed.Bqebd2RE.js:0
[ 1247395ms] [WARNING] WARN Infinite extent for field "topsis_score": [Infinity, -Infinity] @ http://localhost:8501/static/js/embed.Bqebd2RE.js:0
[ 1247395ms] [WARNING] WARN Infinite extent for field "topsis_score": [Infinity, -Infinity] @ http://localhost:8501/static/js/embed.Bqebd2RE.js:0
[ 1247396ms] [WARNING] WARN Infinite extent for field "year": [Infinity, -Infinity] @ http://localhost:8501/static/js/embed.Bqebd2RE.js:0
[ 1247396ms] [WARNING] WARN Infinite extent for field "资产负债率": [Infinity, -Infinity] @ http://localhost:8501/static/js/embed.Bqebd2RE.js:0
[ 1247398ms] [WARNING] WARN Infinite extent for field "year": [Infinity, -Infinity] @ http://localhost:8501/static/js/embed.Bqebd2RE.js:0
[ 1247398ms] [WARNING] WARN Infinite extent for field "topsis_score": [Infinity, -Infinity] @ http://localhost:8501/static/js/embed.Bqebd2RE.js:0
[ 1247423ms] [WARNING] WARN Scale bindings are currently only supported for scales with unbinned, continuous domains. @ http://localhost:8501/static/js/embed.Bqebd2RE.js:0
[ 1247424ms] [WARNING] WARN Dropping "fit-x" because spec has discrete width. @ http://localhost:8501/static/js/embed.Bqebd2RE.js:0
[ 1247429ms] [WARNING] WARN Infinite extent for field "value -- streamlit-generated_start": [Infinity, -Infinity] @ http://localhost:8501/static/js/embed.Bqebd2RE.js:0
[ 1247429ms] [WARNING] WARN Infinite extent for field "value -- streamlit-generated_end": [Infinity, -Infinity] @ http://localhost:8501/static/js/embed.Bqebd2RE.js:0
[ 1247762ms] [WARNING] WARN Infinite extent for field "year": [Infinity, -Infinity] @ http://localhost:8501/static/js/embed.Bqebd2RE.js:0
[ 1247763ms] [WARNING] WARN Infinite extent for field "营业收入": [Infinity, -Infinity] @ http://localhost:8501/static/js/embed.Bqebd2RE.js:0
[ 1248306ms] [WARNING] WARN Infinite extent for field "year": [Infinity, -Infinity] @ http://localhost:8501/static/js/embed.Bqebd2RE.js:0
[ 1248306ms] [WARNING] WARN Infinite extent for field "year": [Infinity, -Infinity] @ http://localhost:8501/static/js/embed.Bqebd2RE.js:0
[ 1248306ms] [WARNING] WARN Infinite extent for field "year": [Infinity, -Infinity] @ http://localhost:8501/static/js/embed.Bqebd2RE.js:0
[ 1248306ms] [WARNING] WARN Infinite extent for field "营业收入": [Infinity, -Infinity] @ http://localhost:8501/static/js/embed.Bqebd2RE.js:0
[ 1248306ms] [WARNING] WARN Infinite extent for field "营业收入": [Infinity, -Infinity] @ http://localhost:8501/static/js/embed.Bqebd2RE.js:0
[ 1248306ms] [WARNING] WARN Infinite extent for field "营业收入": [Infinity, -Infinity] @ http://localhost:8501/static/js/embed.Bqebd2RE.js:0
[ 1248311ms] [WARNING] WARN Infinite extent for field "year": [Infinity, -Infinity] @ http://localhost:8501/static/js/embed.Bqebd2RE.js:0
[ 1248312ms] [WARNING] WARN Infinite extent for field "year": [Infinity, -Infinity] @ http://localhost:8501/static/js/embed.Bqebd2RE.js:0
[ 1248312ms] [WARNING] WARN Infinite extent for field "year": [Infinity, -Infinity] @ http://localhost:8501/static/js/embed.Bqebd2RE.js:0
[ 1248312ms] [WARNING] WARN Infinite extent for field "ROE": [Infinity, -Infinity] @ http://localhost:8501/static/js/embed.Bqebd2RE.js:0
[ 1248312ms] [WARNING] WARN Infinite extent for field "ROE": [Infinity, -Infinity] @ http://localhost:8501/static/js/embed.Bqebd2RE.js:0
[ 1248312ms] [WARNING] WARN Infinite extent for field "ROE": [Infinity, -Infinity] @ http://localhost:8501/static/js/embed.Bqebd2RE.js:0
[ 1248317ms] [WARNING] WARN Infinite extent for field "year": [Infinity, -Infinity] @ http://localhost:8501/static/js/embed.Bqebd2RE.js:0
[ 1248317ms] [WARNING] WARN Infinite extent for field "year": [Infinity, -Infinity] @ http://localhost:8501/static/js/embed.Bqebd2RE.js:0
[ 1248317ms] [WARNING] WARN Infinite extent for field "year": [Infinity, -Infinity] @ http://localhost:8501/static/js/embed.Bqebd2RE.js:0
[ 1248317ms] [WARNING] WARN Infinite extent for field "净利润": [Infinity, -Infinity] @ http://localhost:8501/static/js/embed.Bqebd2RE.js:0
[ 1248317ms] [WARNING] WARN Infinite extent for field "净利润": [Infinity, -Infinity] @ http://localhost:8501/static/js/embed.Bqebd2RE.js:0
[ 1248317ms] [WARNING] WARN Infinite extent for field "净利润": [Infinity, -Infinity] @ http://localhost:8501/static/js/embed.Bqebd2RE.js:0
[ 1248322ms] [WARNING] WARN Infinite extent for field "year": [Infinity, -Infinity] @ http://localhost:8501/static/js/embed.Bqebd2RE.js:0
[ 1248322ms] [WARNING] WARN Infinite extent for field "year": [Infinity, -Infinity] @ http://localhost:8501/static/js/embed.Bqebd2RE.js:0
[ 1248322ms] [WARNING] WARN Infinite extent for field "year": [Infinity, -Infinity] @ http://localhost:8501/static/js/embed.Bqebd2RE.js:0
[ 1248322ms] [WARNING] WARN Infinite extent for field "资产负债率": [Infinity, -Infinity] @ http://localhost:8501/static/js/embed.Bqebd2RE.js:0
[ 1248322ms] [WARNING] WARN Infinite extent for field "资产负债率": [Infinity, -Infinity] @ http://localhost:8501/static/js/embed.Bqebd2RE.js:0
[ 1248322ms] [WARNING] WARN Infinite extent for field "资产负债率": [Infinity, -Infinity] @ http://localhost:8501/static/js/embed.Bqebd2RE.js:0
[ 1248323ms] [WARNING] WARN Scale bindings are currently only supported for scales with unbinned, continuous domains. @ http://localhost:8501/static/js/embed.Bqebd2RE.js:0
[ 1248327ms] [WARNING] WARN Infinite extent for field "value -- streamlit-generated_start": [Infinity, -Infinity] @ http://localhost:8501/static/js/embed.Bqebd2RE.js:0
[ 1248327ms] [WARNING] WARN Infinite extent for field "value -- streamlit-generated_end": [Infinity, -Infinity] @ http://localhost:8501/static/js/embed.Bqebd2RE.js:0
[ 1248329ms] [WARNING] WARN Infinite extent for field "year": [Infinity, -Infinity] @ http://localhost:8501/static/js/embed.Bqebd2RE.js:0
[ 1248330ms] [WARNING] WARN Infinite extent for field "营业收入": [Infinity, -Infinity] @ http://localhost:8501/static/js/embed.Bqebd2RE.js:0
[ 1248331ms] [WARNING] WARN Infinite extent for field "year": [Infinity, -Infinity] @ http://localhost:8501/static/js/embed.Bqebd2RE.js:0
[ 1248332ms] [WARNING] WARN Infinite extent for field "ROE": [Infinity, -Infinity] @ http://localhost:8501/static/js/embed.Bqebd2RE.js:0
[ 1248333ms] [WARNING] WARN Infinite extent for field "year": [Infinity, -Infinity] @ http://localhost:8501/static/js/embed.Bqebd2RE.js:0
[ 1248333ms] [WARNING] WARN Infinite extent for field "净利润": [Infinity, -Infinity] @ http://localhost:8501/static/js/embed.Bqebd2RE.js:0
[ 1248335ms] [WARNING] WARN Infinite extent for field "year": [Infinity, -Infinity] @ http://localhost:8501/static/js/embed.Bqebd2RE.js:0
[ 1248335ms] [WARNING] WARN Infinite extent for field "资产负债率": [Infinity, -Infinity] @ http://localhost:8501/static/js/embed.Bqebd2RE.js:0
