[    1177ms] [WARNING] WARN Infinite extent for field "year": [Infinity, -Infinity] @ http://localhost:8501/static/js/embed.Bqebd2RE.js:0
[    1177ms] [WARNING] WARN Infinite extent for field "year": [Infinity, -Infinity] @ http://localhost:8501/static/js/embed.Bqebd2RE.js:0
[    1178ms] [WARNING] WARN Infinite extent for field "year": [Infinity, -Infinity] @ http://localhost:8501/static/js/embed.Bqebd2RE.js:0
[    1178ms] [WARNING] WARN Infinite extent for field "营业收入": [Infinity, -Infinity] @ http://localhost:8501/static/js/embed.Bqebd2RE.js:0
[    1178ms] [WARNING] WARN Infinite extent for field "营业收入": [Infinity, -Infinity] @ http://localhost:8501/static/js/embed.Bqebd2RE.js:0
[    1178ms] [WARNING] WARN Infinite extent for field "营业收入": [Infinity, -Infinity] @ http://localhost:8501/static/js/embed.Bqebd2RE.js:0
[    1196ms] [WARNING] WARN Infinite extent for field "year": [Infinity, -Infinity] @ http://localhost:8501/static/js/embed.Bqebd2RE.js:0
[    1196ms] [WARNING] WARN Infinite extent for field "year": [Infinity, -Infinity] @ http://localhost:8501/static/js/embed.Bqebd2RE.js:0
[    1196ms] [WARNING] WARN Infinite extent for field "year": [Infinity, -Infinity] @ http://localhost:8501/static/js/embed.Bqebd2RE.js:0
[    1196ms] [WARNING] WARN Infinite extent for field "ROE": [Infinity, -Infinity] @ http://localhost:8501/static/js/embed.Bqebd2RE.js:0
[    1196ms] [WARNING] WARN Infinite extent for field "ROE": [Infinity, -Infinity] @ http://localhost:8501/static/js/embed.Bqebd2RE.js:0
[    1197ms] [WARNING] WARN Infinite extent for field "ROE": [Infinity, -Infinity] @ http://localhost:8501/static/js/embed.Bqebd2RE.js:0
[    1209ms] [WARNING] WARN Infinite extent for field "year": [Infinity, -Infinity] @ http://localhost:8501/static/js/embed.Bqebd2RE.js:0
[    1209ms] [WARNING] WARN Infinite extent for field "year": [Infinity, -Infinity] @ http://localhost:8501/static/js/embed.Bqebd2RE.js:0
[    1209ms] [WARNING] WARN Infinite extent for field "year": [Infinity, -Infinity] @ http://localhost:8501/static/js/embed.Bqebd2RE.js:0
[    1210ms] [WARNING] WARN Infinite extent for field "净利润": [Infinity, -Infinity] @ http://localhost:8501/static/js/embed.Bqebd2RE.js:0
[    1210ms] [WARNING] WARN Infinite extent for field "净利润": [Infinity, -Infinity] @ http://localhost:8501/static/js/embed.Bqebd2RE.js:0
[    1210ms] [WARNING] WARN Infinite extent for field "净利润": [Infinity, -Infinity] @ http://localhost:8501/static/js/embed.Bqebd2RE.js:0
[    1220ms] [WARNING] WARN Infinite extent for field "year": [Infinity, -Infinity] @ http://localhost:8501/static/js/embed.Bqebd2RE.js:0
[    1220ms] [WARNING] WARN Infinite extent for field "year": [Infinity, -Infinity] @ http://localhost:8501/static/js/embed.Bqebd2RE.js:0
[    1220ms] [WARNING] WARN Infinite extent for field "year": [Infinity, -Infinity] @ http://localhost:8501/static/js/embed.Bqebd2RE.js:0
[    1220ms] [WARNING] WARN Infinite extent for field "资产负债率": [Infinity, -Infinity] @ http://localhost:8501/static/js/embed.Bqebd2RE.js:0
[    1220ms] [WARNING] WARN Infinite extent for field "资产负债率": [Infinity, -Infinity] @ http://localhost:8501/static/js/embed.Bqebd2RE.js:0
[    1220ms] [WARNING] WARN Infinite extent for field "资产负债率": [Infinity, -Infinity] @ http://localhost:8501/static/js/embed.Bqebd2RE.js:0
[    1227ms] [WARNING] WARN Infinite extent for field "year": [Infinity, -Infinity] @ http://localhost:8501/static/js/embed.Bqebd2RE.js:0
[    1227ms] [WARNING] WARN Infinite extent for field "营业收入": [Infinity, -Infinity] @ http://localhost:8501/static/js/embed.Bqebd2RE.js:0
[    1236ms] [WARNING] WARN Infinite extent for field "year": [Infinity, -Infinity] @ http://localhost:8501/static/js/embed.Bqebd2RE.js:0
[    1236ms] [WARNING] WARN Infinite extent for field "ROE": [Infinity, -Infinity] @ http://localhost:8501/static/js/embed.Bqebd2RE.js:0
[    1241ms] [WARNING] WARN Infinite extent for field "year": [Infinity, -Infinity] @ http://localhost:8501/static/js/embed.Bqebd2RE.js:0
[    1241ms] [WARNING] WARN Infinite extent for field "净利润": [Infinity, -Infinity] @ http://localhost:8501/static/js/embed.Bqebd2RE.js:0
[    1246ms] [WARNING] WARN Infinite extent for field "year": [Infinity, -Infinity] @ http://localhost:8501/static/js/embed.Bqebd2RE.js:0
[    1246ms] [WARNING] WARN Infinite extent for field "资产负债率": [Infinity, -Infinity] @ http://localhost:8501/static/js/embed.Bqebd2RE.js:0
[    1301ms] [WARNING] WARN Infinite extent for field "year": [Infinity, -Infinity] @ http://localhost:8501/static/js/embed.Bqebd2RE.js:0
[    1301ms] [WARNING] WARN Infinite extent for field "year": [Infinity, -Infinity] @ http://localhost:8501/static/js/embed.Bqebd2RE.js:0
[    1301ms] [WARNING] WARN Infinite extent for field "year": [Infinity, -Infinity] @ http://localhost:8501/static/js/embed.Bqebd2RE.js:0
[    1301ms] [WARNING] WARN Infinite extent for field "营业收入": [Infinity, -Infinity] @ http://localhost:8501/static/js/embed.Bqebd2RE.js:0
[    1301ms] [WARNING] WARN Infinite extent for field "营业收入": [Infinity, -Infinity] @ http://localhost:8501/static/js/embed.Bqebd2RE.js:0
[    1301ms] [WARNING] WARN Infinite extent for field "营业收入": [Infinity, -Infinity] @ http://localhost:8501/static/js/embed.Bqebd2RE.js:0
[    1309ms] [WARNING] WARN Infinite extent for field "year": [Infinity, -Infinity] @ http://localhost:8501/static/js/embed.Bqebd2RE.js:0
[    1309ms] [WARNING] WARN Infinite extent for field "year": [Infinity, -Infinity] @ http://localhost:8501/static/js/embed.Bqebd2RE.js:0
[    1309ms] [WARNING] WARN Infinite extent for field "year": [Infinity, -Infinity] @ http://localhost:8501/static/js/embed.Bqebd2RE.js:0
[    1309ms] [WARNING] WARN Infinite extent for field "ROE": [Infinity, -Infinity] @ http://localhost:8501/static/js/embed.Bqebd2RE.js:0
[    1309ms] [WARNING] WARN Infinite extent for field "ROE": [Infinity, -Infinity] @ http://localhost:8501/static/js/embed.Bqebd2RE.js:0
[    1309ms] [WARNING] WARN Infinite extent for field "ROE": [Infinity, -Infinity] @ http://localhost:8501/static/js/embed.Bqebd2RE.js:0
[    1318ms] [WARNING] WARN Infinite extent for field "year": [Infinity, -Infinity] @ http://localhost:8501/static/js/embed.Bqebd2RE.js:0
[    1318ms] [WARNING] WARN Infinite extent for field "year": [Infinity, -Infinity] @ http://localhost:8501/static/js/embed.Bqebd2RE.js:0
[    1318ms] [WARNING] WARN Infinite extent for field "year": [Infinity, -Infinity] @ http://localhost:8501/static/js/embed.Bqebd2RE.js:0
[    1318ms] [WARNING] WARN Infinite extent for field "净利润": [Infinity, -Infinity] @ http://localhost:8501/static/js/embed.Bqebd2RE.js:0
[    1318ms] [WARNING] WARN Infinite extent for field "净利润": [Infinity, -Infinity] @ http://localhost:8501/static/js/embed.Bqebd2RE.js:0
[    1318ms] [WARNING] WARN Infinite extent for field "净利润": [Infinity, -Infinity] @ http://localhost:8501/static/js/embed.Bqebd2RE.js:0
[    1326ms] [WARNING] WARN Infinite extent for field "year": [Infinity, -Infinity] @ http://localhost:8501/static/js/embed.Bqebd2RE.js:0
[    1327ms] [WARNING] WARN Infinite extent for field "year": [Infinity, -Infinity] @ http://localhost:8501/static/js/embed.Bqebd2RE.js:0
[    1327ms] [WARNING] WARN Infinite extent for field "year": [Infinity, -Infinity] @ http://localhost:8501/static/js/embed.Bqebd2RE.js:0
[    1327ms] [WARNING] WARN Infinite extent for field "资产负债率": [Infinity, -Infinity] @ http://localhost:8501/static/js/embed.Bqebd2RE.js:0
[    1327ms] [WARNING] WARN Infinite extent for field "资产负债率": [Infinity, -Infinity] @ http://localhost:8501/static/js/embed.Bqebd2RE.js:0
[    1327ms] [WARNING] WARN Infinite extent for field "资产负债率": [Infinity, -Infinity] @ http://localhost:8501/static/js/embed.Bqebd2RE.js:0
[    1330ms] [WARNING] WARN Infinite extent for field "year": [Infinity, -Infinity] @ http://localhost:8501/static/js/embed.Bqebd2RE.js:0
[    1330ms] [WARNING] WARN Infinite extent for field "营业收入": [Infinity, -Infinity] @ http://localhost:8501/static/js/embed.Bqebd2RE.js:0
[    1335ms] [WARNING] WARN Infinite extent for field "year": [Infinity, -Infinity] @ http://localhost:8501/static/js/embed.Bqebd2RE.js:0
[    1335ms] [WARNING] WARN Infinite extent for field "ROE": [Infinity, -Infinity] @ http://localhost:8501/static/js/embed.Bqebd2RE.js:0
[    1338ms] [WARNING] WARN Infinite extent for field "year": [Infinity, -Infinity] @ http://localhost:8501/static/js/embed.Bqebd2RE.js:0
[    1339ms] [WARNING] WARN Infinite extent for field "净利润": [Infinity, -Infinity] @ http://localhost:8501/static/js/embed.Bqebd2RE.js:0
[    1343ms] [WARNING] WARN Infinite extent for field "year": [Infinity, -Infinity] @ http://localhost:8501/static/js/embed.Bqebd2RE.js:0
[    1343ms] [WARNING] WARN Infinite extent for field "资产负债率": [Infinity, -Infinity] @ http://localhost:8501/static/js/embed.Bqebd2RE.js:0
[    1417ms] [WARNING] WARN Scale bindings are currently only supported for scales with unbinned, continuous domains. @ http://localhost:8501/static/js/embed.Bqebd2RE.js:0
[    1418ms] [WARNING] WARN Dropping "fit-x" because spec has discrete width. @ http://localhost:8501/static/js/embed.Bqebd2RE.js:0
[    1424ms] [WARNING] WARN Infinite extent for field "weight_start": [Infinity, -Infinity] @ http://localhost:8501/static/js/embed.Bqebd2RE.js:0
[    1424ms] [WARNING] WARN Infinite extent for field "weight_end": [Infinity, -Infinity] @ http://localhost:8501/static/js/embed.Bqebd2RE.js:0
[    1434ms] [WARNING] WARN Infinite extent for field "year": [Infinity, -Infinity] @ http://localhost:8501/static/js/embed.Bqebd2RE.js:0
[    1434ms] [WARNING] WARN Infinite extent for field "year": [Infinity, -Infinity] @ http://localhost:8501/static/js/embed.Bqebd2RE.js:0
[    1434ms] [WARNING] WARN Infinite extent for field "year": [Infinity, -Infinity] @ http://localhost:8501/static/js/embed.Bqebd2RE.js:0
[    1434ms] [WARNING] WARN Infinite extent for field "topsis_score": [Infinity, -Infinity] @ http://localhost:8501/static/js/embed.Bqebd2RE.js:0
[    1434ms] [WARNING] WARN Infinite extent for field "topsis_score": [Infinity, -Infinity] @ http://localhost:8501/static/js/embed.Bqebd2RE.js:0
[    1434ms] [WARNING] WARN Infinite extent for field "topsis_score": [Infinity, -Infinity] @ http://localhost:8501/static/js/embed.Bqebd2RE.js:0
[    1437ms] [WARNING] WARN Scale bindings are currently only supported for scales with unbinned, continuous domains. @ http://localhost:8501/static/js/embed.Bqebd2RE.js:0
[    1439ms] [WARNING] WARN Dropping "fit-x" because spec has discrete width. @ http://localhost:8501/static/js/embed.Bqebd2RE.js:0
[    1446ms] [WARNING] WARN Infinite extent for field "value -- streamlit-generated_start": [Infinity, -Infinity] @ http://localhost:8501/static/js/embed.Bqebd2RE.js:0
[    1446ms] [WARNING] WARN Infinite extent for field "value -- streamlit-generated_end": [Infinity, -Infinity] @ http://localhost:8501/static/js/embed.Bqebd2RE.js:0
[    1459ms] [WARNING] WARN Infinite extent for field "year": [Infinity, -Infinity] @ http://localhost:8501/static/js/embed.Bqebd2RE.js:0
[    1459ms] [WARNING] WARN Infinite extent for field "topsis_score": [Infinity, -Infinity] @ http://localhost:8501/static/js/embed.Bqebd2RE.js:0
[    2334ms] [WARNING] WARN Infinite extent for field "year": [Infinity, -Infinity] @ http://localhost:8501/static/js/embed.Bqebd2RE.js:0
[    2334ms] [WARNING] WARN Infinite extent for field "year": [Infinity, -Infinity] @ http://localhost:8501/static/js/embed.Bqebd2RE.js:0
[    2334ms] [WARNING] WARN Infinite extent for field "year": [Infinity, -Infinity] @ http://localhost:8501/static/js/embed.Bqebd2RE.js:0
[    2334ms] [WARNING] WARN Infinite extent for field "营业收入": [Infinity, -Infinity] @ http://localhost:8501/static/js/embed.Bqebd2RE.js:0
[    2334ms] [WARNING] WARN Infinite extent for field "营业收入": [Infinity, -Infinity] @ http://localhost:8501/static/js/embed.Bqebd2RE.js:0
[    2334ms] [WARNING] WARN Infinite extent for field "营业收入": [Infinity, -Infinity] @ http://localhost:8501/static/js/embed.Bqebd2RE.js:0
[    2343ms] [WARNING] WARN Infinite extent for field "year": [Infinity, -Infinity] @ http://localhost:8501/static/js/embed.Bqebd2RE.js:0
[    2343ms] [WARNING] WARN Infinite extent for field "year": [Infinity, -Infinity] @ http://localhost:8501/static/js/embed.Bqebd2RE.js:0
[    2343ms] [WARNING] WARN Infinite extent for field "year": [Infinity, -Infinity] @ http://localhost:8501/static/js/embed.Bqebd2RE.js:0
[    2343ms] [WARNING] WARN Infinite extent for field "ROE": [Infinity, -Infinity] @ http://localhost:8501/static/js/embed.Bqebd2RE.js:0
[    2343ms] [WARNING] WARN Infinite extent for field "ROE": [Infinity, -Infinity] @ http://localhost:8501/static/js/embed.Bqebd2RE.js:0
[    2343ms] [WARNING] WARN Infinite extent for field "ROE": [Infinity, -Infinity] @ http://localhost:8501/static/js/embed.Bqebd2RE.js:0
[    2354ms] [WARNING] WARN Infinite extent for field "year": [Infinity, -Infinity] @ http://localhost:8501/static/js/embed.Bqebd2RE.js:0
[    2354ms] [WARNING] WARN Infinite extent for field "year": [Infinity, -Infinity] @ http://localhost:8501/static/js/embed.Bqebd2RE.js:0
[    2354ms] [WARNING] WARN Infinite extent for field "year": [Infinity, -Infinity] @ http://localhost:8501/static/js/embed.Bqebd2RE.js:0
[    2354ms] [WARNING] WARN Infinite extent for field "净利润": [Infinity, -Infinity] @ http://localhost:8501/static/js/embed.Bqebd2RE.js:0
[    2354ms] [WARNING] WARN Infinite extent for field "净利润": [Infinity, -Infinity] @ http://localhost:8501/static/js/embed.Bqebd2RE.js:0
[    2354ms] [WARNING] WARN Infinite extent for field "净利润": [Infinity, -Infinity] @ http://localhost:8501/static/js/embed.Bqebd2RE.js:0
[    2362ms] [WARNING] WARN Infinite extent for field "year": [Infinity, -Infinity] @ http://localhost:8501/static/js/embed.Bqebd2RE.js:0
[    2362ms] [WARNING] WARN Infinite extent for field "year": [Infinity, -Infinity] @ http://localhost:8501/static/js/embed.Bqebd2RE.js:0
[    2362ms] [WARNING] WARN Infinite extent for field "year": [Infinity, -Infinity] @ http://localhost:8501/static/js/embed.Bqebd2RE.js:0
[    2362ms] [WARNING] WARN Infinite extent for field "资产负债率": [Infinity, -Infinity] @ http://localhost:8501/static/js/embed.Bqebd2RE.js:0
[    2362ms] [WARNING] WARN Infinite extent for field "资产负债率": [Infinity, -Infinity] @ http://localhost:8501/static/js/embed.Bqebd2RE.js:0
[    2362ms] [WARNING] WARN Infinite extent for field "资产负债率": [Infinity, -Infinity] @ http://localhost:8501/static/js/embed.Bqebd2RE.js:0
[    2365ms] [WARNING] WARN Infinite extent for field "year": [Infinity, -Infinity] @ http://localhost:8501/static/js/embed.Bqebd2RE.js:0
[    2365ms] [WARNING] WARN Infinite extent for field "营业收入": [Infinity, -Infinity] @ http://localhost:8501/static/js/embed.Bqebd2RE.js:0
[    2369ms] [WARNING] WARN Infinite extent for field "year": [Infinity, -Infinity] @ http://localhost:8501/static/js/embed.Bqebd2RE.js:0
[    2369ms] [WARNING] WARN Infinite extent for field "ROE": [Infinity, -Infinity] @ http://localhost:8501/static/js/embed.Bqebd2RE.js:0
[    2375ms] [WARNING] WARN Infinite extent for field "year": [Infinity, -Infinity] @ http://localhost:8501/static/js/embed.Bqebd2RE.js:0
[    2375ms] [WARNING] WARN Infinite extent for field "净利润": [Infinity, -Infinity] @ http://localhost:8501/static/js/embed.Bqebd2RE.js:0
[    2381ms] [WARNING] WARN Infinite extent for field "year": [Infinity, -Infinity] @ http://localhost:8501/static/js/embed.Bqebd2RE.js:0
[    2381ms] [WARNING] WARN Infinite extent for field "资产负债率": [Infinity, -Infinity] @ http://localhost:8501/static/js/embed.Bqebd2RE.js:0
[   20562ms] [WARNING] WARN Infinite extent for field "year": [Infinity, -Infinity] @ http://localhost:8501/static/js/embed.Bqebd2RE.js:0
[   20563ms] [WARNING] WARN Infinite extent for field "year": [Infinity, -Infinity] @ http://localhost:8501/static/js/embed.Bqebd2RE.js:0
[   20563ms] [WARNING] WARN Infinite extent for field "year": [Infinity, -Infinity] @ http://localhost:8501/static/js/embed.Bqebd2RE.js:0
[   20563ms] [WARNING] WARN Infinite extent for field "营业收入": [Infinity, -Infinity] @ http://localhost:8501/static/js/embed.Bqebd2RE.js:0
[   20563ms] [WARNING] WARN Infinite extent for field "营业收入": [Infinity, -Infinity] @ http://localhost:8501/static/js/embed.Bqebd2RE.js:0
[   20563ms] [WARNING] WARN Infinite extent for field "营业收入": [Infinity, -Infinity] @ http://localhost:8501/static/js/embed.Bqebd2RE.js:0
[   20569ms] [WARNING] WARN Infinite extent for field "year": [Infinity, -Infinity] @ http://localhost:8501/static/js/embed.Bqebd2RE.js:0
[   20569ms] [WARNING] WARN Infinite extent for field "year": [Infinity, -Infinity] @ http://localhost:8501/static/js/embed.Bqebd2RE.js:0
[   20569ms] [WARNING] WARN Infinite extent for field "year": [Infinity, -Infinity] @ http://localhost:8501/static/js/embed.Bqebd2RE.js:0
[   20569ms] [WARNING] WARN Infinite extent for field "ROE": [Infinity, -Infinity] @ http://localhost:8501/static/js/embed.Bqebd2RE.js:0
[   20569ms] [WARNING] WARN Infinite extent for field "ROE": [Infinity, -Infinity] @ http://localhost:8501/static/js/embed.Bqebd2RE.js:0
[   20569ms] [WARNING] WARN Infinite extent for field "ROE": [Infinity, -Infinity] @ http://localhost:8501/static/js/embed.Bqebd2RE.js:0
[   20580ms] [WARNING] WARN Infinite extent for field "year": [Infinity, -Infinity] @ http://localhost:8501/static/js/embed.Bqebd2RE.js:0
[   20580ms] [WARNING] WARN Infinite extent for field "year": [Infinity, -Infinity] @ http://localhost:8501/static/js/embed.Bqebd2RE.js:0
[   20580ms] [WARNING] WARN Infinite extent for field "year": [Infinity, -Infinity] @ http://localhost:8501/static/js/embed.Bqebd2RE.js:0
[   20580ms] [WARNING] WARN Infinite extent for field "净利润": [Infinity, -Infinity] @ http://localhost:8501/static/js/embed.Bqebd2RE.js:0
[   20580ms] [WARNING] WARN Infinite extent for field "净利润": [Infinity, -Infinity] @ http://localhost:8501/static/js/embed.Bqebd2RE.js:0
[   20581ms] [WARNING] WARN Infinite extent for field "净利润": [Infinity, -Infinity] @ http://localhost:8501/static/js/embed.Bqebd2RE.js:0
[   20597ms] [WARNING] WARN Infinite extent for field "year": [Infinity, -Infinity] @ http://localhost:8501/static/js/embed.Bqebd2RE.js:0
[   20597ms] [WARNING] WARN Infinite extent for field "year": [Infinity, -Infinity] @ http://localhost:8501/static/js/embed.Bqebd2RE.js:0
[   20597ms] [WARNING] WARN Infinite extent for field "year": [Infinity, -Infinity] @ http://localhost:8501/static/js/embed.Bqebd2RE.js:0
[   20597ms] [WARNING] WARN Infinite extent for field "资产负债率": [Infinity, -Infinity] @ http://localhost:8501/static/js/embed.Bqebd2RE.js:0
[   20597ms] [WARNING] WARN Infinite extent for field "资产负债率": [Infinity, -Infinity] @ http://localhost:8501/static/js/embed.Bqebd2RE.js:0
[   20597ms] [WARNING] WARN Infinite extent for field "资产负债率": [Infinity, -Infinity] @ http://localhost:8501/static/js/embed.Bqebd2RE.js:0
[   20599ms] [WARNING] WARN Scale bindings are currently only supported for scales with unbinned, continuous domains. @ http://localhost:8501/static/js/embed.Bqebd2RE.js:0
[   20624ms] [WARNING] WARN Infinite extent for field "value -- streamlit-generated_start": [Infinity, -Infinity] @ http://localhost:8501/static/js/embed.Bqebd2RE.js:0
[   20624ms] [WARNING] WARN Infinite extent for field "value -- streamlit-generated_end": [Infinity, -Infinity] @ http://localhost:8501/static/js/embed.Bqebd2RE.js:0
[   20628ms] [WARNING] WARN Infinite extent for field "year": [Infinity, -Infinity] @ http://localhost:8501/static/js/embed.Bqebd2RE.js:0
[   20629ms] [WARNING] WARN Infinite extent for field "营业收入": [Infinity, -Infinity] @ http://localhost:8501/static/js/embed.Bqebd2RE.js:0
[   20631ms] [WARNING] WARN Infinite extent for field "year": [Infinity, -Infinity] @ http://localhost:8501/static/js/embed.Bqebd2RE.js:0
[   20631ms] [WARNING] WARN Infinite extent for field "ROE": [Infinity, -Infinity] @ http://localhost:8501/static/js/embed.Bqebd2RE.js:0
[   20633ms] [WARNING] WARN Infinite extent for field "year": [Infinity, -Infinity] @ http://localhost:8501/static/js/embed.Bqebd2RE.js:0
[   20633ms] [WARNING] WARN Infinite extent for field "净利润": [Infinity, -Infinity] @ http://localhost:8501/static/js/embed.Bqebd2RE.js:0
[   20636ms] [WARNING] WARN Infinite extent for field "year": [Infinity, -Infinity] @ http://localhost:8501/static/js/embed.Bqebd2RE.js:0
[   20636ms] [WARNING] WARN Infinite extent for field "资产负债率": [Infinity, -Infinity] @ http://localhost:8501/static/js/embed.Bqebd2RE.js:0
